2020-01-24 20:29:08,024 [INFO] Activator:176 - 


2020-01-24 20:29:08,028 [INFO] Activator:177 - !SESSION log4j initialized
2020-01-24 20:29:21,094 [INFO] ApplicationProperties:181 - Using Application install path: /opt/st/stm32cubeide_1.1.0/plugins/com.st.stm32cube.common.mx_5.4.0.201910091541
2020-01-24 20:29:21,109 [INFO] DbMcusXml:68 - Set database path to: /opt/st/stm32cubeide_1.1.0/plugins/com.st.stm32cube.common.mx_5.4.0.201910091541//db//mcu/
2020-01-24 20:29:21,113 [INFO] DbBoardsPdsc:54 - Set plugin database path to: /opt/st/stm32cubeide_1.1.0/plugins/com.st.stm32cube.common.mx_5.4.0.201910091541//db//plugins/boardmanager/
2020-01-24 20:29:21,113 [INFO] DbMcus:265 - Set plugin images path to: /opt/st/stm32cubeide_1.1.0/plugins/com.st.stm32cube.common.mx_5.4.0.201910091541//db//plugins/mcufinder/images/
2020-01-24 20:29:21,113 [INFO] DbBoards:232 - Set plugin images path to: /opt/st/stm32cubeide_1.1.0/plugins/com.st.stm32cube.common.mx_5.4.0.201910091541//db//plugins/mcufinder/images/
2020-01-24 20:29:21,115 [INFO] APIGFXSelector:72 - Set database path to: /opt/st/stm32cubeide_1.1.0/plugins/com.st.stm32cube.common.mx_5.4.0.201910091541//db//plugins/mcufinder/mcu/
2020-01-24 20:29:21,123 [INFO] DbMcusAds:72 - Set database path to: /home/electro/.stmcufinder/plugins/mcufinder//mcu/
2020-01-24 20:29:21,124 [INFO] DbMcusDocs:92 - Set database path to: /home/electro/.stmcufinder/plugins/mcufinder//mcu/
2020-01-24 20:29:21,126 [INFO] DbMcusJson:59 - Set database path to: /home/electro/.stmcufinder/plugins/mcufinder//mcu/
2020-01-24 20:29:21,126 [INFO] DbBoardsDocs:84 - Set database path to: /home/electro/.stmcufinder/plugins/mcufinder//mcu/
2020-01-24 20:29:21,127 [INFO] DbBoardsJson:51 - Set database path to: /home/electro/.stmcufinder/plugins/mcufinder//mcu/
2020-01-24 20:29:22,259 [INFO] CrossReferenceDbSqlite:197 - Set database path to: /home/electro/.stmcufinder/plugins/mcufinder//mcu/cs/
2020-01-24 20:29:22,353 [INFO] RulesReader:52 - Compatibility file has been processed (179 Rules)
2020-01-24 20:29:22,404 [INFO] MicroXplorer:570 - Detected Java Version = 1.8.0_202
2020-01-24 20:29:22,405 [INFO] DbMcusXml:68 - Set database path to: /opt/st/stm32cubeide_1.1.0/plugins/com.st.stm32cube.common.mx_5.4.0.201910091541//db//mcu/
2020-01-24 20:29:22,405 [INFO] DbBoardsPdsc:54 - Set plugin database path to: /opt/st/stm32cubeide_1.1.0/plugins/com.st.stm32cube.common.mx_5.4.0.201910091541//db//plugins/boardmanager/
2020-01-24 20:29:22,406 [INFO] DbMcus:265 - Set plugin images path to: /opt/st/stm32cubeide_1.1.0/plugins/com.st.stm32cube.common.mx_5.4.0.201910091541//db//plugins/mcufinder/images/
2020-01-24 20:29:22,406 [INFO] DbBoards:232 - Set plugin images path to: /opt/st/stm32cubeide_1.1.0/plugins/com.st.stm32cube.common.mx_5.4.0.201910091541//db//plugins/mcufinder/images/
2020-01-24 20:29:22,406 [INFO] APIGFXSelector:72 - Set database path to: /opt/st/stm32cubeide_1.1.0/plugins/com.st.stm32cube.common.mx_5.4.0.201910091541//db//plugins/mcufinder/mcu/
2020-01-24 20:29:22,406 [WARN] DbFile:31 - Overriding database path with different value: /home/electro/.stmcufinder/plugins/mcufinder/ => /home/electro/.stmcufinder/plugins/mcufinder
2020-01-24 20:29:22,406 [INFO] DbMcusAds:72 - Set database path to: /home/electro/.stmcufinder/plugins/mcufinder//mcu/
2020-01-24 20:29:22,406 [WARN] DbFile:31 - Overriding database path with different value: /home/electro/.stmcufinder/plugins/mcufinder/ => /home/electro/.stmcufinder/plugins/mcufinder
2020-01-24 20:29:22,406 [INFO] DbMcusDocs:92 - Set database path to: /home/electro/.stmcufinder/plugins/mcufinder//mcu/
2020-01-24 20:29:22,406 [WARN] DbFile:31 - Overriding database path with different value: /home/electro/.stmcufinder/plugins/mcufinder/ => /home/electro/.stmcufinder/plugins/mcufinder
2020-01-24 20:29:22,407 [INFO] DbMcusJson:59 - Set database path to: /home/electro/.stmcufinder/plugins/mcufinder//mcu/
2020-01-24 20:29:22,407 [WARN] DbFile:31 - Overriding database path with different value: /home/electro/.stmcufinder/plugins/mcufinder/ => /home/electro/.stmcufinder/plugins/mcufinder
2020-01-24 20:29:22,407 [INFO] DbBoardsDocs:84 - Set database path to: /home/electro/.stmcufinder/plugins/mcufinder//mcu/
2020-01-24 20:29:22,407 [WARN] DbFile:31 - Overriding database path with different value: /home/electro/.stmcufinder/plugins/mcufinder/ => /home/electro/.stmcufinder/plugins/mcufinder
2020-01-24 20:29:22,407 [INFO] DbBoardsJson:51 - Set database path to: /home/electro/.stmcufinder/plugins/mcufinder//mcu/
2020-01-24 20:29:22,407 [WARN] DbFile:31 - Overriding database path with different value: /home/electro/.stmcufinder/plugins/mcufinder/ => /home/electro/.stmcufinder/plugins/mcufinder
2020-01-24 20:29:22,407 [WARN] DbFile:31 - Overriding database path with different value: /home/electro/.stmcufinder/plugins/mcufinder/ => /home/electro/.stmcufinder/plugins/mcufinder
2020-01-24 20:29:23,409 [INFO] CrossReferenceDbSqlite:197 - Set database path to: /home/electro/.stmcufinder/plugins/mcufinder//mcu/cs/
2020-01-24 20:29:23,494 [INFO] MainPanel:185 - HeapMemory: 331350016
2020-01-24 20:29:23,564 [INFO] DbMcusXml:68 - Set database path to: /opt/st/stm32cubeide_1.1.0/plugins/com.st.stm32cube.common.mx_5.4.0.201910091541//db//mcu/
2020-01-24 20:29:23,564 [INFO] DbBoardsPdsc:54 - Set plugin database path to: /opt/st/stm32cubeide_1.1.0/plugins/com.st.stm32cube.common.mx_5.4.0.201910091541//db//plugins/boardmanager/
2020-01-24 20:29:23,564 [INFO] DbMcus:265 - Set plugin images path to: /opt/st/stm32cubeide_1.1.0/plugins/com.st.stm32cube.common.mx_5.4.0.201910091541//db//plugins/mcufinder/images/
2020-01-24 20:29:23,564 [INFO] DbBoards:232 - Set plugin images path to: /opt/st/stm32cubeide_1.1.0/plugins/com.st.stm32cube.common.mx_5.4.0.201910091541//db//plugins/mcufinder/images/
2020-01-24 20:29:23,565 [INFO] APIGFXSelector:72 - Set database path to: /opt/st/stm32cubeide_1.1.0/plugins/com.st.stm32cube.common.mx_5.4.0.201910091541//db//plugins/mcufinder/mcu/
2020-01-24 20:29:23,565 [WARN] DbFile:31 - Overriding database path with different value: /home/electro/.stmcufinder/plugins/mcufinder/ => /home/electro/.stmcufinder/plugins/mcufinder
2020-01-24 20:29:23,565 [INFO] DbMcusAds:72 - Set database path to: /home/electro/.stmcufinder/plugins/mcufinder//mcu/
2020-01-24 20:29:23,565 [WARN] DbFile:31 - Overriding database path with different value: /home/electro/.stmcufinder/plugins/mcufinder/ => /home/electro/.stmcufinder/plugins/mcufinder
2020-01-24 20:29:23,566 [INFO] DbMcusDocs:92 - Set database path to: /home/electro/.stmcufinder/plugins/mcufinder//mcu/
2020-01-24 20:29:23,566 [WARN] DbFile:31 - Overriding database path with different value: /home/electro/.stmcufinder/plugins/mcufinder/ => /home/electro/.stmcufinder/plugins/mcufinder
2020-01-24 20:29:23,566 [INFO] DbMcusJson:59 - Set database path to: /home/electro/.stmcufinder/plugins/mcufinder//mcu/
2020-01-24 20:29:23,566 [WARN] DbFile:31 - Overriding database path with different value: /home/electro/.stmcufinder/plugins/mcufinder/ => /home/electro/.stmcufinder/plugins/mcufinder
2020-01-24 20:29:23,566 [INFO] DbBoardsDocs:84 - Set database path to: /home/electro/.stmcufinder/plugins/mcufinder//mcu/
2020-01-24 20:29:23,566 [WARN] DbFile:31 - Overriding database path with different value: /home/electro/.stmcufinder/plugins/mcufinder/ => /home/electro/.stmcufinder/plugins/mcufinder
2020-01-24 20:29:23,566 [INFO] DbBoardsJson:51 - Set database path to: /home/electro/.stmcufinder/plugins/mcufinder//mcu/
2020-01-24 20:29:23,566 [WARN] DbFile:31 - Overriding database path with different value: /home/electro/.stmcufinder/plugins/mcufinder/ => /home/electro/.stmcufinder/plugins/mcufinder
2020-01-24 20:29:23,567 [WARN] DbFile:31 - Overriding database path with different value: /home/electro/.stmcufinder/plugins/mcufinder/ => /home/electro/.stmcufinder/plugins/mcufinder
2020-01-24 20:29:24,568 [INFO] CrossReferenceDbSqlite:197 - Set database path to: /home/electro/.stmcufinder/plugins/mcufinder//mcu/cs/
2020-01-24 20:29:24,597 [INFO] ApplicationProperties:181 - Using Application install path: /opt/st/stm32cubeide_1.1.0/plugins/com.st.stm32cube.common.mx_5.4.0.201910091541
2020-01-24 20:29:24,599 [INFO] PluginManage:178 - Search for loadable plugins [exclusion list=]
2020-01-24 20:29:24,600 [INFO] PluginManage:292 - Check plugin analytics
2020-01-24 20:29:24,608 [INFO] PluginManage:342 - Loaded plugin analytics (category:tool,tabindex:-1)
2020-01-24 20:29:24,608 [INFO] PluginManage:292 - Check plugin clock
2020-01-24 20:29:24,619 [INFO] PluginManage:342 - Loaded plugin clock (category:base,tabindex:2)
2020-01-24 20:29:24,619 [INFO] PluginManage:292 - Check plugin ddr
2020-01-24 20:29:24,622 [INFO] PluginManage:342 - Loaded plugin ddr (category:tool,tabindex:6)
2020-01-24 20:29:24,622 [INFO] PluginManage:292 - Check plugin filemanager
2020-01-24 20:29:24,726 [INFO] PluginManage:342 - Loaded plugin filemanager (category:base,tabindex:10)
2020-01-24 20:29:24,727 [INFO] PluginManage:292 - Check plugin ipmanager
2020-01-24 20:29:24,732 [INFO] PluginManage:342 - Loaded plugin ipmanager (category:base,tabindex:5)
2020-01-24 20:29:24,732 [INFO] PluginManage:292 - Check plugin pinoutandconfiguration
2020-01-24 20:29:24,740 [INFO] PluginManage:342 - Loaded plugin pinoutandconfiguration (category:base,tabindex:1)
2020-01-24 20:29:24,740 [INFO] PluginManage:292 - Check plugin pinoutconfig
2020-01-24 20:29:24,757 [INFO] PluginManage:342 - Loaded plugin pinoutconfig (category:base,tabindex:0)
2020-01-24 20:29:24,758 [INFO] PluginManage:292 - Check plugin power
2020-01-24 20:29:24,767 [INFO] PluginManage:342 - Loaded plugin power (category:power,tabindex:4)
2020-01-24 20:29:24,767 [INFO] PluginManage:292 - Check plugin projectmanager
2020-01-24 20:29:24,778 [INFO] PluginManage:342 - Loaded plugin projectmanager (category:projectmanager,tabindex:3)
2020-01-24 20:29:24,779 [INFO] PluginManage:292 - Check plugin thirdparty
2020-01-24 20:29:24,817 [INFO] ThirdPartyDb:294 - Open Third Party DataBase File (/home/electro/.stm32cubemx/plugins/thirdparty/db/thirdparties_db.xml) : 19 ms. number of Sw pack : 9
2020-01-24 20:29:24,827 [INFO] PluginManage:342 - Loaded plugin thirdparty (category:base,tabindex:-1)
2020-01-24 20:29:24,827 [INFO] PluginManage:292 - Check plugin tools
2020-01-24 20:29:24,829 [INFO] PluginManage:342 - Loaded plugin tools (category:base,tabindex:7)
2020-01-24 20:29:24,829 [INFO] PluginManage:292 - Check plugin updater
2020-01-24 20:29:24,839 [INFO] PluginManage:342 - Loaded plugin updater (category:base,tabindex:12)
2020-01-24 20:29:24,839 [INFO] PluginManage:265 - PluginManage : Loaded plugins [12]
2020-01-24 20:29:25,099 [INFO] PinOutPanel:1367 - setPackage(No Configuration,No Configuration)
2020-01-24 20:29:25,148 [INFO] IPUIPlugin:63 - create IPUIPlugin
2020-01-24 20:29:25,149 [INFO] PluginManager:200 - loadIPPluginJar : add ucpd
2020-01-24 20:29:25,153 [INFO] IPUIPlugin:63 - create IPUIPlugin
2020-01-24 20:29:25,153 [INFO] PluginManager:200 - loadIPPluginJar : add gfxmmu
2020-01-24 20:29:25,154 [INFO] IPUIPlugin:63 - create IPUIPlugin
2020-01-24 20:29:25,154 [INFO] PluginManager:200 - loadIPPluginJar : add stm32_wpan
2020-01-24 20:29:25,156 [INFO] IPUIPlugin:63 - create IPUIPlugin
2020-01-24 20:29:25,156 [INFO] PluginManager:200 - loadIPPluginJar : add ts
2020-01-24 20:29:25,157 [INFO] IPUIPlugin:63 - create IPUIPlugin
2020-01-24 20:29:25,157 [INFO] PluginManager:200 - loadIPPluginJar : add tsc
2020-01-24 20:29:25,158 [INFO] IPUIPlugin:63 - create IPUIPlugin
2020-01-24 20:29:25,158 [INFO] PluginManager:200 - loadIPPluginJar : add ltdc
2020-01-24 20:29:25,159 [INFO] IPUIPlugin:63 - create IPUIPlugin
2020-01-24 20:29:25,159 [INFO] PluginManager:200 - loadIPPluginJar : add tim
2020-01-24 20:29:25,160 [INFO] IPUIPlugin:63 - create IPUIPlugin
2020-01-24 20:29:25,161 [INFO] PluginManager:200 - loadIPPluginJar : add comp
2020-01-24 20:29:25,162 [INFO] IPUIPlugin:63 - create IPUIPlugin
2020-01-24 20:29:25,162 [INFO] PluginManager:200 - loadIPPluginJar : add can
2020-01-24 20:29:25,163 [INFO] IPUIPlugin:63 - create IPUIPlugin
2020-01-24 20:29:25,164 [INFO] PluginManager:200 - loadIPPluginJar : add genericplugin
2020-01-24 20:29:25,166 [INFO] IPUIPlugin:63 - create IPUIPlugin
2020-01-24 20:29:25,166 [INFO] PluginManager:200 - loadIPPluginJar : add gfxsimulator
2020-01-24 20:29:25,168 [INFO] IPUIPlugin:63 - create IPUIPlugin
2020-01-24 20:29:25,168 [INFO] PluginManager:200 - loadIPPluginJar : add gtzc
2020-01-24 20:29:25,172 [INFO] IPUIPlugin:63 - create IPUIPlugin
2020-01-24 20:29:25,172 [INFO] PluginManager:200 - loadIPPluginJar : add gpio
2020-01-24 20:29:25,174 [INFO] IPUIPlugin:63 - create IPUIPlugin
2020-01-24 20:29:25,174 [INFO] PluginManager:200 - loadIPPluginJar : add i2s
2020-01-24 20:29:25,178 [INFO] IPUIPlugin:63 - create IPUIPlugin
2020-01-24 20:29:25,178 [INFO] PluginManager:200 - loadIPPluginJar : add mdma
2020-01-24 20:29:25,182 [INFO] IPUIPlugin:63 - create IPUIPlugin
2020-01-24 20:29:25,182 [INFO] PluginManager:200 - loadIPPluginJar : add fmc
2020-01-24 20:29:25,184 [INFO] IPUIPlugin:63 - create IPUIPlugin
2020-01-24 20:29:25,184 [INFO] PluginManager:200 - loadIPPluginJar : add cryp
2020-01-24 20:29:25,185 [INFO] IPUIPlugin:63 - create IPUIPlugin
2020-01-24 20:29:25,185 [INFO] PluginManager:200 - loadIPPluginJar : add fatfs
2020-01-24 20:29:25,187 [INFO] IPUIPlugin:63 - create IPUIPlugin
2020-01-24 20:29:25,187 [INFO] PluginManager:200 - loadIPPluginJar : add spi
2020-01-24 20:29:25,190 [INFO] IPUIPlugin:63 - create IPUIPlugin
2020-01-24 20:29:25,190 [INFO] PluginManager:200 - loadIPPluginJar : add touchsensing
2020-01-24 20:29:25,193 [INFO] IPUIPlugin:63 - create IPUIPlugin
2020-01-24 20:29:25,194 [INFO] PluginManager:200 - loadIPPluginJar : add adc
2020-01-24 20:29:25,199 [INFO] IPUIPlugin:63 - create IPUIPlugin
2020-01-24 20:29:25,201 [INFO] PluginManager:200 - loadIPPluginJar : add plateformsettings
2020-01-24 20:29:25,203 [INFO] IPUIPlugin:63 - create IPUIPlugin
2020-01-24 20:29:25,203 [INFO] PluginManager:200 - loadIPPluginJar : add opamp
2020-01-24 20:29:25,205 [INFO] IPUIPlugin:63 - create IPUIPlugin
2020-01-24 20:29:25,205 [INFO] PluginManager:200 - loadIPPluginJar : add dfsdm
2020-01-24 20:29:25,206 [INFO] IPUIPlugin:63 - create IPUIPlugin
2020-01-24 20:29:25,206 [INFO] PluginManager:200 - loadIPPluginJar : add quadspi
2020-01-24 20:29:25,208 [INFO] IPUIPlugin:63 - create IPUIPlugin
2020-01-24 20:29:25,208 [INFO] PluginManager:200 - loadIPPluginJar : add pdm2pcm
2020-01-24 20:29:25,211 [INFO] IPUIPlugin:63 - create IPUIPlugin
2020-01-24 20:29:25,211 [INFO] PluginManager:200 - loadIPPluginJar : add sai
2020-01-24 20:29:25,215 [INFO] IPUIPlugin:63 - create IPUIPlugin
2020-01-24 20:29:25,215 [INFO] PluginManager:200 - loadIPPluginJar : add gic
2020-01-24 20:29:25,216 [INFO] IPUIPlugin:63 - create IPUIPlugin
2020-01-24 20:29:25,217 [INFO] PluginManager:200 - loadIPPluginJar : add i2c
2020-01-24 20:29:25,222 [INFO] IPUIPlugin:63 - create IPUIPlugin
2020-01-24 20:29:25,222 [INFO] PluginManager:200 - loadIPPluginJar : add freertos
2020-01-24 20:29:25,224 [INFO] IPUIPlugin:63 - create IPUIPlugin
2020-01-24 20:29:25,224 [INFO] PluginManager:200 - loadIPPluginJar : add hash
2020-01-24 20:29:25,227 [INFO] IPUIPlugin:63 - create IPUIPlugin
2020-01-24 20:29:25,227 [INFO] PluginManager:200 - loadIPPluginJar : add resmgrutility
2020-01-24 20:29:25,231 [INFO] IPUIPlugin:63 - create IPUIPlugin
2020-01-24 20:29:25,231 [INFO] PluginManager:200 - loadIPPluginJar : add nvic
2020-01-24 20:29:25,234 [INFO] IPUIPlugin:63 - create IPUIPlugin
2020-01-24 20:29:25,234 [INFO] PluginManager:200 - loadIPPluginJar : add ipddr
2020-01-24 20:29:25,235 [INFO] IPUIPlugin:63 - create IPUIPlugin
2020-01-24 20:29:25,235 [INFO] PluginManager:200 - loadIPPluginJar : add usart
2020-01-24 20:29:25,240 [INFO] IPUIPlugin:63 - create IPUIPlugin
2020-01-24 20:29:25,240 [INFO] PluginManager:200 - loadIPPluginJar : add dma
2020-01-24 20:29:25,241 [INFO] IPUIPlugin:63 - create IPUIPlugin
2020-01-24 20:29:25,241 [INFO] PluginManager:200 - loadIPPluginJar : add tracer_emb
2020-01-24 20:29:25,243 [INFO] IPUIPlugin:63 - create IPUIPlugin
2020-01-24 20:29:25,243 [INFO] PluginManager:200 - loadIPPluginJar : add aes
2020-01-24 20:29:25,320 [INFO] BoardConnectionPanel:220 - [DDR PANEL] osNameString: Linux
2020-01-24 20:29:25,403 [INFO] BoardConnectionPanel:3149 - [DDR PANEL] STM32CubeIDE environment
2020-01-24 20:29:25,404 [INFO] MainDdrPanel:100 - [DDR PANEL] GETTER - cubeProgrammerPath is: null
2020-01-24 20:29:25,552 [FATAL] Updater:277 - Updater called before beeing initialized
2020-01-24 20:29:25,735 [FATAL] Updater:277 - Updater called before beeing initialized
2020-01-24 20:29:25,743 [INFO] PinOutPanel:1367 - setPackage(No Configuration,No Configuration)
2020-01-24 20:29:25,744 [FATAL] Updater:277 - Updater called before beeing initialized
2020-01-24 20:29:25,748 [INFO] BoardConnectionPanel:3149 - [DDR PANEL] STM32CubeIDE environment
2020-01-24 20:29:25,748 [INFO] MainDdrPanel:100 - [DDR PANEL] GETTER - cubeProgrammerPath is: /opt/st/stm32cubeide_1.1.0/plugins/com.st.stm32cube.ide.mcu.externaltools.cubeprogrammer.linux64_1.1.0.201910081157/tools/bin
2020-01-24 20:29:25,763 [INFO] ProgrammerExecThread:148 - [ProgrammerAPI] CubeProgrammer command construction: /opt/st/stm32cubeide_1.1.0/plugins/com.st.stm32cube.ide.mcu.externaltools.cubeprogrammer.linux64_1.1.0.201910081157/tools/bin/STM32_Programmer_CLI -l
2020-01-24 20:29:25,984 [INFO] MainDdrPanel:90 - [DDR PANEL] SETTER - Set cubeProgrammerPath to: /opt/st/stm32cubeide_1.1.0/plugins/com.st.stm32cube.ide.mcu.externaltools.cubeprogrammer.linux64_1.1.0.201910081157/tools/bin
2020-01-24 20:29:25,991 [INFO] Updater:886 - Updater Version found : 5.4.0
2020-01-24 20:29:26,010 [INFO] ApplicationProperties:181 - Using Application install path: /opt/st/stm32cubeide_1.1.0/plugins/com.st.stm32cube.common.mx_5.4.0.201910091541
2020-01-24 20:29:26,317 [INFO] MainUpdater:2232 - connection check result : 10
2020-01-24 20:29:26,318 [INFO] MainUpdater:2859 - Updater definition file requires update
2020-01-24 20:29:26,319 [INFO] MainUpdater:236 - Updater Check For Update Now.
2020-01-24 20:29:26,320 [INFO] MicroXplorer:420 - Change Database Version : DB.5.0.40
2020-01-24 20:29:26,487 [INFO] ServerAccessManage:348 - Download File updaters.zip
2020-01-24 20:29:26,558 [INFO] FileExtend:210 - Unzip File : updaters.zip
2020-01-24 20:29:26,558 [INFO] FileExtend:225 - Standard Zip Deflate
2020-01-24 20:29:26,831 [INFO] ServerAccessManage:348 - Download File PacksControlFlags.xml
2020-01-24 20:29:26,937 [INFO] ServerAccessManage:348 - Download File cubemx.pidx
2020-01-24 20:29:26,997 [INFO] LoadServerUpdatesThread:287 - End of LoadServerUpdate Thread
2020-01-24 20:29:27,026 [INFO] CheckServerUpdateThread:92 - End of CheckServer Thread
2020-01-24 20:29:27,126 [INFO] MainUpdater:2232 - connection check result : 10
2020-01-24 20:29:27,127 [INFO] LogOutputStream:76 - [STDOUT_REDIRECT] Successfull proxy connection.
2020-01-24 20:29:27,184 [INFO] McuFinderGlobals:40 - Set McuFinder mode to 2 (CubeIDE integrated)
2020-01-24 20:29:27,194 [INFO] FinderPluginLoader:86 - Searching for filters in installed packs
2020-01-24 20:29:27,195 [INFO] DbMcusXml:106 - Load MCU database from /opt/st/stm32cubeide_1.1.0/plugins/com.st.stm32cube.common.mx_5.4.0.201910091541//db//mcu/families.xml
2020-01-24 20:29:27,656 [INFO] DbMcusJson:87 - JSON generation date=Wed Dec 11 06:27:49 EST 2019 (1576063669)
2020-01-24 20:29:27,855 [INFO] ThirdPartyDb:264 - Close Third Party DataBase File (/home/electro/.stm32cubemx/plugins/thirdparty/db/thirdparties_db.xml)
2020-01-24 20:29:27,895 [INFO] ThirdPartyDb:294 - Open Third Party DataBase File (/home/electro/.stm32cubemx/plugins/thirdparty/db/thirdparties_db.xml) : 3 ms. number of Sw pack : 9
2020-01-24 20:29:27,895 [INFO] ThirdPartyDb:264 - Close Third Party DataBase File (/home/electro/.stm32cubemx/plugins/thirdparty/db/thirdparties_db.xml)
2020-01-24 20:29:27,903 [INFO] IntegrityCheckThread:97 - End integrity checks thread
2020-01-24 20:29:28,371 [INFO] DbMcus:193 - Found 1544 MCUs (1504 are supported by CubeMX, 1504 are visible in CubeMX)
2020-01-24 20:29:28,371 [INFO] ApiDb:158 - Load user favorites file /home/electro/.stm32cubeide/favorites.mcus.txt: 0 item(s)
2020-01-24 20:29:28,371 [INFO] ApiDb:163 - User favorites MCUs=[]
2020-01-24 20:29:28,371 [INFO] DbMcus:204 - Set 0 / 0 favorites MCUs
2020-01-24 20:29:29,043 [INFO] DbMcusAds:130 - JSON generation date=Wed Feb 20 11:46:15 EST 2019 (1550681175)
2020-01-24 20:29:29,045 [INFO] LoadUrlFilesThread:161 - End of LoadServerUrlFiles without Thread
2020-01-24 20:29:29,063 [INFO] McuDetailPanel:180 - Set advertising image to /home/electro/STM32Cube/Repository//PRSTM32MP10219-01-med.jpg
2020-01-24 20:29:30,706 [INFO] ServerAccessManage:348 - Download File mcusDocs.json
2020-01-24 20:29:31,017 [INFO] LoadUrlFilesThread:134 - End of LoadUrlFiles Thread
2020-01-24 20:29:38,851 [INFO] ServerAccessManage:348 - Download File mcusFeaturesAndDescription.json
2020-01-24 20:29:41,182 [INFO] LoadUrlFilesThread:134 - End of LoadUrlFiles Thread
2020-01-24 20:29:41,423 [INFO] ServerAccessManage:348 - Download File mcusAds.json
2020-01-24 20:29:41,434 [INFO] LoadUrlFilesThread:134 - End of LoadUrlFiles Thread
2020-01-24 20:29:43,177 [INFO] ServerAccessManage:348 - Download File boardsDocs.json
2020-01-24 20:29:43,876 [INFO] LoadUrlFilesThread:134 - End of LoadUrlFiles Thread
2020-01-24 20:29:44,516 [INFO] ServerAccessManage:348 - Download File boards.json
2020-01-24 20:29:45,159 [INFO] LoadUrlFilesThread:134 - End of LoadUrlFiles Thread
2020-01-24 20:29:47,590 [INFO] ServerAccessManage:348 - Download File crdb.zip
2020-01-24 20:29:48,137 [INFO] FileExtend:210 - Unzip File : crdb.zip
2020-01-24 20:29:48,138 [INFO] FileExtend:225 - Standard Zip Deflate
2020-01-24 20:29:48,160 [INFO] LoadUrlFilesThread:134 - End of LoadUrlFiles Thread
2020-01-24 20:29:48,164 [INFO] DbMcusDocs:126 - JSON generation date=Wed Jan 22 08:50:05 EST 2020 (1579701005)
2020-01-24 20:29:48,279 [INFO] DbMcusDocs:61 - Found 537 MCUs documents
2020-01-24 20:29:48,280 [INFO] ApiDb:186 - Save user favorites file /home/electro/.stm32cubeide/favorites.mcus.txt: 0 item(s)
2020-01-24 20:29:48,280 [INFO] ApiDb:191 - User favorites MCUs=[]
2020-01-24 20:29:48,280 [INFO] DbMcusXml:106 - Load MCU database from /opt/st/stm32cubeide_1.1.0/plugins/com.st.stm32cube.common.mx_5.4.0.201910091541//db//mcu/families.xml
2020-01-24 20:29:48,610 [INFO] DbMcusJson:87 - JSON generation date=Wed Jan 22 08:50:05 EST 2020 (1579701005)
2020-01-24 20:29:49,126 [INFO] DbMcus:193 - Found 1544 MCUs (1504 are supported by CubeMX, 1504 are visible in CubeMX)
2020-01-24 20:29:49,126 [INFO] ApiDb:158 - Load user favorites file /home/electro/.stm32cubeide/favorites.mcus.txt: 0 item(s)
2020-01-24 20:29:49,127 [INFO] ApiDb:163 - User favorites MCUs=[]
2020-01-24 20:29:49,127 [INFO] DbMcus:204 - Set 0 / 0 favorites MCUs
2020-01-24 20:29:49,168 [INFO] McuFilterPanel:282 - Update 0 favorites MCUs
2020-01-24 20:29:49,327 [INFO] DbBoardsDocs:118 - JSON generation date=Wed Jan 22 08:50:05 EST 2020 (1579701005)
2020-01-24 20:29:49,338 [INFO] DbBoardsPdsc:92 - Found 1 items
2020-01-24 20:29:49,342 [INFO] DbBoardsPdsc:92 - Found 27 items
2020-01-24 20:29:49,348 [INFO] DbBoardsPdsc:92 - Found 38 items
2020-01-24 20:29:49,351 [INFO] DbBoardsPdsc:92 - Found 19 items
2020-01-24 20:29:49,352 [INFO] DbBoardsPdsc:92 - Found 1 items
2020-01-24 20:29:49,355 [INFO] DbBoardsPdsc:92 - Found 38 items
2020-01-24 20:29:49,357 [INFO] DbBoardsPdsc:92 - Found 9 items
2020-01-24 20:29:49,370 [INFO] DbBoardsJson:79 - JSON generation date=Wed Jan 22 07:22:01 EST 2020 (1579695721)
2020-01-24 20:29:49,375 [INFO] DbBoards:120 - Found 134 boards (132 are supported by CubeMX)
2020-01-24 20:29:49,379 [INFO] DbBoardsDocs:118 - JSON generation date=Wed Jan 22 08:50:05 EST 2020 (1579701005)
2020-01-24 20:29:49,386 [INFO] DbBoardsDocs:57 - Found 162 boards documents
2020-01-24 20:29:49,386 [WARN] DbBoards:130 - board P-NUCLEO-WB55-Nucleo has no document id list !
2020-01-24 20:29:49,387 [WARN] DbBoards:130 - board P-NUCLEO-WB55-USBDongle has no document id list !
2020-01-24 20:29:49,387 [WARN] DbBoards:130 - board STM32100E-EVAL has no document id list !
2020-01-24 20:29:49,387 [WARN] DbBoards:130 - board STM32303C-EVAL has no document id list !
2020-01-24 20:29:49,387 [WARN] DbBoards:130 - board STM32L152D-EVAL has no document id list !
2020-01-24 20:29:49,388 [WARN] DbBoards:130 - board STM32H743I-EVAL2 has no document id list !
2020-01-24 20:29:49,388 [WARN] DbBoards:130 - board STM32H753I-EVAL2 has no document id list !
2020-01-24 20:29:49,388 [WARN] DbBoards:130 - board STM32G474E-EVAL1 has no document id list !
2020-01-24 20:29:49,388 [WARN] DbBoards:152 - board STM32L552E-EV / document id not found: 4493
2020-01-24 20:29:49,388 [WARN] DbBoards:152 - board STM32L552E-EV / document id not found: 4509
2020-01-24 20:29:49,389 [WARN] DbBoards:130 - board NUCLEO-H743ZI2 has no document id list !
2020-01-24 20:29:49,389 [WARN] DbBoards:152 - board NUCLEO-L552ZE-Q / document id not found: 4505
2020-01-24 20:29:49,389 [WARN] DbBoards:130 - board STEVAL-MKSBOX1V1 has no document id list !
2020-01-24 20:29:49,389 [WARN] DbBoards:130 - board STM32F401C-DISCO has no document id list !
2020-01-24 20:29:49,389 [WARN] DbBoards:130 - board STM32F769I-DISC1 has no document id list !
2020-01-24 20:29:49,390 [WARN] DbBoards:130 - board STM32L-DISCOVERY has no document id list !
2020-01-24 20:29:49,390 [WARN] DbBoards:130 - board STM32H747I-DISC1 has no document id list !
2020-01-24 20:29:49,390 [WARN] DbBoards:130 - board STM32MP157A-DK1 has no document id list !
2020-01-24 20:29:49,390 [WARN] DbBoards:152 - board STM32L562E-DK / document id not found: 4510
2020-01-24 20:29:49,390 [WARN] DbBoards:152 - board STM32L562E-DK / document id not found: 4514
2020-01-24 20:29:49,415 [ERROR] DbBoards:192 - Image file not found for board P-NUCLEO-WB55: /opt/st/stm32cubeide_1.1.0/plugins/com.st.stm32cube.common.mx_5.4.0.201910091541//db//plugins/mcufinder/images/boards/p-nucleo-wb55_small.jpg
2020-01-24 20:29:49,751 [ERROR] DbBoards:192 - Image file not found for board STM32H747I-EVAL: /opt/st/stm32cubeide_1.1.0/plugins/com.st.stm32cube.common.mx_5.4.0.201910091541//db//plugins/mcufinder/images/boards/stm32h747ieval_small.jpg
2020-01-24 20:29:49,751 [ERROR] DbBoards:192 - Image file not found for board STM32H757I-EVAL: /opt/st/stm32cubeide_1.1.0/plugins/com.st.stm32cube.common.mx_5.4.0.201910091541//db//plugins/mcufinder/images/boards/stm32h747ieval_small.jpg
2020-01-24 20:29:50,038 [ERROR] DbBoards:192 - Image file not found for board STM32G0316-DISCO: /opt/st/stm32cubeide_1.1.0/plugins/com.st.stm32cube.common.mx_5.4.0.201910091541//db//plugins/mcufinder/images/boards/stm32g0316discovery_small.jpg
2020-01-24 20:29:50,127 [INFO] ApiDb:158 - Load user favorites file /home/electro/.stm32cubeide/favorites.boards.txt: 0 item(s)
2020-01-24 20:29:50,128 [INFO] ApiDb:163 - User favorites Boards=[]
2020-01-24 20:29:50,128 [INFO] DbBoards:209 - Set 0 / 0 favorites Boards
2020-01-24 20:29:50,133 [INFO] DbBoardsDocs:57 - Found 324 boards documents
2020-01-24 20:29:50,133 [INFO] ApiDb:186 - Save user favorites file /home/electro/.stm32cubeide/favorites.boards.txt: 0 item(s)
2020-01-24 20:29:50,134 [INFO] ApiDb:191 - User favorites Boards=[]
2020-01-24 20:29:50,135 [INFO] DbBoardsPdsc:92 - Found 1 items
2020-01-24 20:29:50,136 [INFO] DbBoardsPdsc:92 - Found 27 items
2020-01-24 20:29:50,139 [INFO] DbBoardsPdsc:92 - Found 38 items
2020-01-24 20:29:50,141 [INFO] DbBoardsPdsc:92 - Found 19 items
2020-01-24 20:29:50,141 [INFO] DbBoardsPdsc:92 - Found 1 items
2020-01-24 20:29:50,144 [INFO] DbBoardsPdsc:92 - Found 38 items
2020-01-24 20:29:50,145 [INFO] DbBoardsPdsc:92 - Found 9 items
2020-01-24 20:29:50,156 [INFO] DbBoardsJson:79 - JSON generation date=Wed Jan 22 07:22:01 EST 2020 (1579695721)
2020-01-24 20:29:50,160 [INFO] DbBoards:120 - Found 134 boards (132 are supported by CubeMX)
2020-01-24 20:29:50,161 [WARN] DbBoards:130 - board P-NUCLEO-WB55-Nucleo has no document id list !
2020-01-24 20:29:50,161 [WARN] DbBoards:130 - board P-NUCLEO-WB55-USBDongle has no document id list !
2020-01-24 20:29:50,161 [WARN] DbBoards:130 - board STM32100E-EVAL has no document id list !
2020-01-24 20:29:50,161 [WARN] DbBoards:130 - board STM32303C-EVAL has no document id list !
2020-01-24 20:29:50,161 [WARN] DbBoards:130 - board STM32L152D-EVAL has no document id list !
2020-01-24 20:29:50,162 [WARN] DbBoards:130 - board STM32H743I-EVAL2 has no document id list !
2020-01-24 20:29:50,162 [WARN] DbBoards:130 - board STM32H753I-EVAL2 has no document id list !
2020-01-24 20:29:50,162 [WARN] DbBoards:130 - board STM32G474E-EVAL1 has no document id list !
2020-01-24 20:29:50,162 [WARN] DbBoards:152 - board STM32L552E-EV / document id not found: 4493
2020-01-24 20:29:50,162 [WARN] DbBoards:152 - board STM32L552E-EV / document id not found: 4509
2020-01-24 20:29:50,163 [WARN] DbBoards:130 - board NUCLEO-H743ZI2 has no document id list !
2020-01-24 20:29:50,163 [WARN] DbBoards:152 - board NUCLEO-L552ZE-Q / document id not found: 4505
2020-01-24 20:29:50,163 [WARN] DbBoards:130 - board STEVAL-MKSBOX1V1 has no document id list !
2020-01-24 20:29:50,163 [WARN] DbBoards:130 - board STM32F401C-DISCO has no document id list !
2020-01-24 20:29:50,164 [WARN] DbBoards:130 - board STM32F769I-DISC1 has no document id list !
2020-01-24 20:29:50,164 [WARN] DbBoards:130 - board STM32L-DISCOVERY has no document id list !
2020-01-24 20:29:50,164 [WARN] DbBoards:130 - board STM32H747I-DISC1 has no document id list !
2020-01-24 20:29:50,165 [WARN] DbBoards:130 - board STM32MP157A-DK1 has no document id list !
2020-01-24 20:29:50,165 [WARN] DbBoards:152 - board STM32L562E-DK / document id not found: 4510
2020-01-24 20:29:50,165 [WARN] DbBoards:152 - board STM32L562E-DK / document id not found: 4514
2020-01-24 20:29:50,178 [ERROR] DbBoards:192 - Image file not found for board P-NUCLEO-WB55: /opt/st/stm32cubeide_1.1.0/plugins/com.st.stm32cube.common.mx_5.4.0.201910091541//db//plugins/mcufinder/images/boards/p-nucleo-wb55_small.jpg
2020-01-24 20:29:50,372 [ERROR] DbBoards:192 - Image file not found for board STM32H747I-EVAL: /opt/st/stm32cubeide_1.1.0/plugins/com.st.stm32cube.common.mx_5.4.0.201910091541//db//plugins/mcufinder/images/boards/stm32h747ieval_small.jpg
2020-01-24 20:29:50,372 [ERROR] DbBoards:192 - Image file not found for board STM32H757I-EVAL: /opt/st/stm32cubeide_1.1.0/plugins/com.st.stm32cube.common.mx_5.4.0.201910091541//db//plugins/mcufinder/images/boards/stm32h747ieval_small.jpg
2020-01-24 20:29:50,553 [ERROR] DbBoards:192 - Image file not found for board STM32G0316-DISCO: /opt/st/stm32cubeide_1.1.0/plugins/com.st.stm32cube.common.mx_5.4.0.201910091541//db//plugins/mcufinder/images/boards/stm32g0316discovery_small.jpg
2020-01-24 20:29:50,618 [INFO] ApiDb:158 - Load user favorites file /home/electro/.stm32cubeide/favorites.boards.txt: 0 item(s)
2020-01-24 20:29:50,618 [INFO] ApiDb:163 - User favorites Boards=[]
2020-01-24 20:29:50,618 [INFO] DbBoards:209 - Set 0 / 0 favorites Boards
2020-01-24 20:29:50,754 [INFO] LoadUrlFilesThread:161 - End of LoadServerUrlFiles without Thread
2020-01-24 20:29:50,755 [INFO] McuFilterPanel:282 - Update 0 favorites MCUs
2020-01-24 20:29:50,867 [INFO] LoadUrlFilesThread:161 - End of LoadServerUrlFiles without Thread
2020-01-24 20:29:50,868 [INFO] BoardDetailPanel:179 - Set advertising image to /home/electro/STM32Cube/Repository//PRSTM32MP10219-01-med.jpg
2020-01-24 20:29:50,886 [INFO] BoardFilterPanel:211 - Update 0 favorites Boards
2020-01-24 20:29:50,932 [INFO] CrossSelectorPresenter:1319 - Cross Selector saved comparison directory: /home/electro/.stmcufinder/plugins/mcufinder/mcu/cs_comparisons_mx
2020-01-24 20:31:06,591 [INFO] LogOutputStream:76 - [STDOUT_REDIRECT] withoutVersionV1.8.0
2020-01-24 20:31:11,771 [INFO] LogOutputStream:76 - [STDOUT_REDIRECT] File copied successfully!!
2020-01-24 20:31:13,968 [INFO] MainUpdater:2232 - connection check result : 10
2020-01-24 20:31:13,968 [INFO] LogOutputStream:76 - [STDOUT_REDIRECT] Successfull proxy connection.
2020-01-24 20:31:14,040 [INFO] MicroXplorer:390 - Change Database Path : 
2020-01-24 20:31:14,040 [INFO] MicroXplorer:420 - Change Database Version : DB.5.0.40
2020-01-24 20:31:14,041 [INFO] PinOutPanel:1367 - setPackage(No Configuration,No Configuration)
2020-01-24 20:31:14,042 [INFO] UtilMem:74 - Begin LoadConfig() Used Memory: 272091152 Bytes (781189120)
2020-01-24 20:31:14,042 [INFO] MicroXplorer:390 - Change Database Path : 
2020-01-24 20:31:14,042 [INFO] MicroXplorer:420 - Change Database Version : DB.5.0.40
2020-01-24 20:31:14,042 [INFO] OpenFileManager:269 - Change cursor
2020-01-24 20:31:15,095 [INFO] ImportTextPane:162 - (OptionalMessage_ERROR) Unable to find key (Mcu.ThirdPartyNb) in loaded IOC file
2020-01-24 20:31:15,096 [INFO] ImportTextPane:162 - (OptionalMessage_ERROR) Unable to find key (Mcu.PinsNb) in loaded IOC file
2020-01-24 20:31:15,096 [INFO] ImportTextPane:162 - (OptionalMessage_ERROR) Unable to find key (Mcu.IPNb) in loaded IOC file
2020-01-24 20:31:15,221 [INFO] UtilMem:74 - End LoadConfig() Used Memory: 402113048 Bytes (781189120)
2020-01-24 20:31:15,227 [INFO] ThirdPartyDb:294 - Open Third Party DataBase File (/home/electro/.stm32cubemx/plugins/thirdparty/db/thirdparties_db.xml) : 2 ms. number of Sw pack : 9
2020-01-24 20:31:15,265 [INFO] ThirdParty:897 - CMSIS Pack Vendor :STMicroelectronics X-CUBE-BLE1 4.4.0
2020-01-24 20:31:15,265 [INFO] ThirdParty:897 - CMSIS Pack Vendor :STMicroelectronics X-CUBE-BLE2 1.0.0
2020-01-24 20:31:15,266 [INFO] ThirdParty:897 - CMSIS Pack Vendor :STMicroelectronics X-CUBE-GNSS1 4.0.0
2020-01-24 20:31:15,266 [INFO] ThirdParty:897 - CMSIS Pack Vendor :STMicroelectronics X-CUBE-MEMS1 7.0.0
2020-01-24 20:31:15,266 [INFO] ThirdParty:897 - CMSIS Pack Vendor :STMicroelectronics X-CUBE-NFC4 1.5.1
2020-01-24 20:31:15,266 [INFO] ThirdParty:897 - CMSIS Pack Vendor :STMicroelectronics X-CUBE-SUBG2 1.0.0
2020-01-24 20:31:15,266 [INFO] ThirdParty:897 - CMSIS Pack Vendor :ARM CMSIS 5.6.0
2020-01-24 20:31:15,399 [INFO] PinOutPanel:1367 - setPackage(No Configuration,No Configuration)
2020-01-24 20:31:15,400 [INFO] PinOutPanel:1367 - setPackage(STM32F103RCTx,LQFP64)
2020-01-24 20:31:15,689 [INFO] UtilMem:74 - Before build in PCC Used Memory: 465849728 Bytes (781189120)
2020-01-24 20:31:15,879 [INFO] SharedServices:71 - Folder for power plug-in: /home/electro/.stm32cubemx/plugins/power
2020-01-24 20:31:15,880 [INFO] UtilMem:74 - After build in PCC Used Memory: 480008808 Bytes (781189120)
2020-01-24 20:31:15,886 [INFO] BlockDiagram:1827 - stop enableDisableButtons
2020-01-24 20:31:15,886 [INFO] IPUIPlugin:63 - create IPUIPlugin
2020-01-24 20:31:15,886 [INFO] IPUIPlugin:63 - create IPUIPlugin
2020-01-24 20:31:15,886 [INFO] IPUIPlugin:63 - create IPUIPlugin
2020-01-24 20:31:15,887 [INFO] IPUIPlugin:63 - create IPUIPlugin
2020-01-24 20:31:15,887 [INFO] IPUIPlugin:63 - create IPUIPlugin
2020-01-24 20:31:15,887 [INFO] IPUIPlugin:63 - create IPUIPlugin
2020-01-24 20:31:15,887 [INFO] IPUIPlugin:63 - create IPUIPlugin
2020-01-24 20:31:15,887 [INFO] IPUIPlugin:63 - create IPUIPlugin
2020-01-24 20:31:15,887 [INFO] IPUIPlugin:63 - create IPUIPlugin
2020-01-24 20:31:15,887 [INFO] IPUIPlugin:63 - create IPUIPlugin
2020-01-24 20:31:15,887 [INFO] IPUIPlugin:63 - create IPUIPlugin
2020-01-24 20:31:15,888 [INFO] IPUIPlugin:63 - create IPUIPlugin
2020-01-24 20:31:15,888 [INFO] IPUIPlugin:63 - create IPUIPlugin
2020-01-24 20:31:15,888 [INFO] IPUIPlugin:63 - create IPUIPlugin
2020-01-24 20:31:15,888 [INFO] IPUIPlugin:63 - create IPUIPlugin
2020-01-24 20:31:15,888 [INFO] IPUIPlugin:63 - create IPUIPlugin
2020-01-24 20:31:15,888 [INFO] IPUIPlugin:63 - create IPUIPlugin
2020-01-24 20:31:15,888 [INFO] IPUIPlugin:63 - create IPUIPlugin
2020-01-24 20:31:15,888 [INFO] IPUIPlugin:63 - create IPUIPlugin
2020-01-24 20:31:15,889 [INFO] IPUIPlugin:63 - create IPUIPlugin
2020-01-24 20:31:15,889 [INFO] IPUIPlugin:63 - create IPUIPlugin
2020-01-24 20:31:15,889 [INFO] IPUIPlugin:63 - create IPUIPlugin
2020-01-24 20:31:15,889 [INFO] IPUIPlugin:63 - create IPUIPlugin
2020-01-24 20:31:15,889 [INFO] IPUIPlugin:63 - create IPUIPlugin
2020-01-24 20:31:15,889 [INFO] IPUIPlugin:63 - create IPUIPlugin
2020-01-24 20:31:15,889 [INFO] IPUIPlugin:63 - create IPUIPlugin
2020-01-24 20:31:15,889 [INFO] IPUIPlugin:63 - create IPUIPlugin
2020-01-24 20:31:15,889 [INFO] IPUIPlugin:63 - create IPUIPlugin
2020-01-24 20:31:15,889 [INFO] IPUIPlugin:63 - create IPUIPlugin
2020-01-24 20:31:15,889 [INFO] IPUIPlugin:63 - create IPUIPlugin
2020-01-24 20:31:15,890 [INFO] IPUIPlugin:63 - create IPUIPlugin
2020-01-24 20:31:15,890 [INFO] IPUIPlugin:63 - create IPUIPlugin
2020-01-24 20:31:15,890 [INFO] IPUIPlugin:63 - create IPUIPlugin
2020-01-24 20:31:15,890 [INFO] IPUIPlugin:63 - create IPUIPlugin
2020-01-24 20:31:15,890 [INFO] IPUIPlugin:63 - create IPUIPlugin
2020-01-24 20:31:15,890 [INFO] IPUIPlugin:63 - create IPUIPlugin
2020-01-24 20:31:15,890 [INFO] IPUIPlugin:63 - create IPUIPlugin
2020-01-24 20:31:15,891 [INFO] IPUIPlugin:63 - create IPUIPlugin
2020-01-24 20:31:15,891 [INFO] IPUIPlugin:63 - create IPUIPlugin
2020-01-24 20:31:15,894 [INFO] BlockDiagram:1827 - stop enableDisableButtons
2020-01-24 20:31:15,908 [INFO] LogOutputStream:76 - [STDOUT_REDIRECT] toolchainItems.length=====1
2020-01-24 20:31:15,967 [INFO] OpenFileManager:289 - Restore cursor
2020-01-24 20:31:16,009 [INFO] BlockDiagram:1827 - stop enableDisableButtons
2020-01-24 20:31:16,035 [INFO] BlockDiagram:1827 - stop enableDisableButtons
2020-01-24 20:31:16,167 [INFO] UtilMem:74 - End SaveConfig() Used Memory: 503598464 Bytes (781189120)
2020-01-24 20:31:16,961 [INFO] ServerAccessManage:348 - Download File stm32cube_fw_f1_v180.zip
2020-01-24 20:31:58,279 [INFO] FileExtend:210 - Unzip File : stm32cube_fw_f1_v180.zip
2020-01-24 20:31:58,281 [INFO] FileExtend:225 - Standard Zip Deflate
2020-01-24 20:32:01,058 [INFO] LoadServerPackagesThread:155 - End of LoadServerPackages Thread
2020-01-24 20:32:01,072 [INFO] CheckServerUpdateThread:92 - End of CheckServer Thread
2020-01-24 20:32:01,078 [INFO] UtilMem:74 - End SaveConfig() Used Memory: 345572840 Bytes (1073741824)
2020-01-24 20:32:01,528 [INFO] BlockDiagram:1871 - set Specific Code input for plugin: NVIC
2020-01-24 20:32:01,528 [INFO] BlockDiagram:1871 - set Specific Code input for plugin: SYS
2020-01-24 20:32:01,630 [INFO] CodeGenerator:598 - code generatio: config db path: /opt/st/stm32cubeide_1.1.0/plugins/com.st.stm32cube.common.mx_5.4.0.201910091541//db/
2020-01-24 20:32:02,302 [INFO] CodeEngine:193 - oldGeneratedFile, /media/electro/ELECTRO/Projects/Connect4 Board/V2/STM32CubeIDE/TheGame_1/MXTmpFiles/license.tmp_save
2020-01-24 20:32:02,768 [INFO] CodeEngine:211 - Generated code: /media/electro/ELECTRO/Projects/Connect4 Board/V2/STM32CubeIDE/TheGame_1/MXTmpFiles/license.tmp
2020-01-24 20:32:02,882 [INFO] LogOutputStream:76 - [STDOUT_REDIRECT] Command line
2020-01-24 20:32:02,883 [INFO] LogOutputStream:76 - [STDOUT_REDIRECT] Debug : prepare data for SYS
2020-01-24 20:32:02,883 [INFO] LogOutputStream:76 - [STDOUT_REDIRECT] Command line test
2020-01-24 20:32:02,884 [INFO] LogOutputStream:76 - [STDOUT_REDIRECT] Debug : prepare data for NVIC
2020-01-24 20:32:02,885 [INFO] LogOutputStream:76 - [STDOUT_REDIRECT] Command line test
2020-01-24 20:32:03,246 [INFO] CodeEngine:193 - oldGeneratedFile, /media/electro/ELECTRO/Projects/Connect4 Board/V2/STM32CubeIDE/TheGame_1/Core/Src/stm32f1xx_it.c_save
2020-01-24 20:32:03,706 [INFO] CodeEngine:211 - Generated code: /media/electro/ELECTRO/Projects/Connect4 Board/V2/STM32CubeIDE/TheGame_1/Core/Src/stm32f1xx_it.c
2020-01-24 20:32:04,146 [INFO] CodeEngine:193 - oldGeneratedFile, /media/electro/ELECTRO/Projects/Connect4 Board/V2/STM32CubeIDE/TheGame_1/Core/Inc/stm32f1xx_it.h_save
2020-01-24 20:32:04,589 [INFO] CodeEngine:211 - Generated code: /media/electro/ELECTRO/Projects/Connect4 Board/V2/STM32CubeIDE/TheGame_1/Core/Inc/stm32f1xx_it.h
2020-01-24 20:32:05,098 [INFO] CodeEngine:193 - oldGeneratedFile, /media/electro/ELECTRO/Projects/Connect4 Board/V2/STM32CubeIDE/TheGame_1/Core/Src/stm32f1xx_hal_msp.c_save
2020-01-24 20:32:05,565 [INFO] CodeEngine:211 - Generated code: /media/electro/ELECTRO/Projects/Connect4 Board/V2/STM32CubeIDE/TheGame_1/Core/Src/stm32f1xx_hal_msp.c
2020-01-24 20:32:06,022 [INFO] CodeEngine:193 - oldGeneratedFile, /media/electro/ELECTRO/Projects/Connect4 Board/V2/STM32CubeIDE/TheGame_1/MXTmpFiles/system.tmp_save
2020-01-24 20:32:06,309 [INFO] CodeEngine:211 - Generated code: /media/electro/ELECTRO/Projects/Connect4 Board/V2/STM32CubeIDE/TheGame_1/MXTmpFiles/system.tmp
2020-01-24 20:32:06,734 [INFO] CodeEngine:193 - oldGeneratedFile, /media/electro/ELECTRO/Projects/Connect4 Board/V2/STM32CubeIDE/TheGame_1/Core/Inc/stm32f1xx_hal_conf.h_save
2020-01-24 20:32:07,152 [INFO] CodeEngine:211 - Generated code: /media/electro/ELECTRO/Projects/Connect4 Board/V2/STM32CubeIDE/TheGame_1/Core/Inc/stm32f1xx_hal_conf.h
2020-01-24 20:32:07,570 [INFO] CodeEngine:193 - oldGeneratedFile, /media/electro/ELECTRO/Projects/Connect4 Board/V2/STM32CubeIDE/TheGame_1/Core/Inc/main.h_save
2020-01-24 20:32:08,001 [INFO] CodeEngine:211 - Generated code: /media/electro/ELECTRO/Projects/Connect4 Board/V2/STM32CubeIDE/TheGame_1/Core/Inc/main.h
2020-01-24 20:32:08,426 [INFO] CodeEngine:193 - oldGeneratedFile, /media/electro/ELECTRO/Projects/Connect4 Board/V2/STM32CubeIDE/TheGame_1/Core/Src/main.c_save
2020-01-24 20:32:08,877 [INFO] CodeEngine:211 - Generated code: /media/electro/ELECTRO/Projects/Connect4 Board/V2/STM32CubeIDE/TheGame_1/Core/Src/main.c
2020-01-24 20:32:18,618 [INFO] ProjectBuilder:1645 - Time for Copy HAL[1] : 9259mS.
2020-01-24 20:32:18,745 [INFO] ProjectBuilder:2206 - Project Generator version: 3.5.2
2020-01-24 20:32:18,945 [INFO] ConfigFileManager:953 - The Die is : DIE414
2020-01-24 20:32:48,435 [INFO] ProjectBuilder:2373 - Time for Generating toolchain IDE Files: 29690mS.
2020-01-24 20:32:48,445 [INFO] ProjectBuilder:1505 - Time for Copy CMSIS : 10mS.
2020-01-24 20:32:48,446 [INFO] ProjectBuilder:1505 - Time for Copy CMSIS : 0mS.
2020-01-24 20:33:14,566 [INFO] LogOutputStream:76 - [STDOUT_REDIRECT] Tab changed to: Clock Configuration
2020-01-24 20:33:25,394 [INFO] BlockDiagram:1827 - stop enableDisableButtons
2020-01-24 20:33:33,235 [INFO] BlockDiagram:1827 - stop enableDisableButtons
2020-01-24 20:33:36,713 [INFO] BlockDiagram:1827 - stop enableDisableButtons
2020-01-24 20:33:41,205 [INFO] BlockDiagram:1827 - stop enableDisableButtons
2020-01-24 20:33:45,575 [INFO] BlockDiagram:1827 - stop enableDisableButtons
2020-01-24 20:33:46,868 [INFO] LogOutputStream:76 - [STDOUT_REDIRECT] Tab changed to: Pinout & Configuration
2020-01-24 20:33:48,194 [INFO] LogOutputStream:76 - [STDOUT_REDIRECT] Tab changed to: Project Manager
2020-01-24 20:33:57,009 [INFO] LogOutputStream:76 - [STDOUT_REDIRECT] Tab changed to: Pinout & Configuration
2020-01-24 20:34:31,573 [INFO] BlockDiagram:1827 - stop enableDisableButtons
2020-01-24 20:34:34,005 [INFO] MainUpdater:2232 - connection check result : 10
2020-01-24 20:34:34,005 [INFO] LogOutputStream:76 - [STDOUT_REDIRECT] Successfull proxy connection.
2020-01-24 20:34:34,052 [INFO] McuFinderGlobals:40 - Set McuFinder mode to 2 (CubeIDE integrated)
2020-01-24 20:34:34,053 [INFO] FinderPluginLoader:86 - Searching for filters in installed packs
2020-01-24 20:34:34,554 [INFO] LoadUrlFilesThread:161 - End of LoadServerUrlFiles without Thread
2020-01-24 20:34:34,554 [INFO] McuDetailPanel:180 - Set advertising image to /home/electro/STM32Cube/Repository//PRSTM32MP10219-01-med.jpg
2020-01-24 20:34:34,705 [INFO] McuFilterPanel:282 - Update 0 favorites MCUs
2020-01-24 20:34:34,806 [INFO] LoadUrlFilesThread:161 - End of LoadServerUrlFiles without Thread
2020-01-24 20:34:34,806 [INFO] BoardDetailPanel:179 - Set advertising image to /home/electro/STM32Cube/Repository//PRSTM32MP10219-01-med.jpg
2020-01-24 20:34:34,813 [INFO] BoardFilterPanel:211 - Update 0 favorites Boards
2020-01-24 20:34:34,822 [INFO] CrossSelectorPresenter:1319 - Cross Selector saved comparison directory: /home/electro/.stmcufinder/plugins/mcufinder/mcu/cs_comparisons_mx
2020-01-24 20:34:59,456 [INFO] LogOutputStream:76 - [STDOUT_REDIRECT] withoutVersionV1.8.0
2020-01-24 20:46:39,182 [INFO] MainUpdater:2232 - connection check result : 10
2020-01-24 20:46:39,183 [INFO] LogOutputStream:76 - [STDOUT_REDIRECT] Successfull proxy connection.
2020-01-24 20:46:39,233 [INFO] McuFinderGlobals:40 - Set McuFinder mode to 2 (CubeIDE integrated)
2020-01-24 20:46:39,234 [INFO] FinderPluginLoader:86 - Searching for filters in installed packs
2020-01-24 20:46:39,677 [INFO] LoadUrlFilesThread:161 - End of LoadServerUrlFiles without Thread
2020-01-24 20:46:39,677 [INFO] McuDetailPanel:180 - Set advertising image to /home/electro/STM32Cube/Repository//PRSTM32MP10219-01-med.jpg
2020-01-24 20:46:39,846 [INFO] McuFilterPanel:282 - Update 0 favorites MCUs
2020-01-24 20:46:39,964 [INFO] LoadUrlFilesThread:161 - End of LoadServerUrlFiles without Thread
2020-01-24 20:46:39,965 [INFO] BoardDetailPanel:179 - Set advertising image to /home/electro/STM32Cube/Repository//PRSTM32MP10219-01-med.jpg
2020-01-24 20:46:39,971 [INFO] BoardFilterPanel:211 - Update 0 favorites Boards
2020-01-24 20:46:39,977 [INFO] CrossSelectorPresenter:1319 - Cross Selector saved comparison directory: /home/electro/.stmcufinder/plugins/mcufinder/mcu/cs_comparisons_mx
2020-01-24 20:46:57,325 [INFO] LogOutputStream:76 - [STDOUT_REDIRECT] withoutVersionV1.8.0
2020-01-24 20:47:03,758 [INFO] LogOutputStream:76 - [STDOUT_REDIRECT] File copied successfully!!
2020-01-24 20:47:05,976 [INFO] MainUpdater:2232 - connection check result : 10
2020-01-24 20:47:05,977 [INFO] LogOutputStream:76 - [STDOUT_REDIRECT] Successfull proxy connection.
2020-01-24 20:47:06,072 [INFO] MicroXplorer:390 - Change Database Path : 
2020-01-24 20:47:06,072 [INFO] MicroXplorer:420 - Change Database Version : DB.5.0.40
2020-01-24 20:47:06,074 [INFO] PinOutPanel:1367 - setPackage(No Configuration,No Configuration)
2020-01-24 20:47:06,075 [INFO] UtilMem:74 - Begin LoadConfig() Used Memory: 707317680 Bytes (1073741824)
2020-01-24 20:47:06,075 [INFO] MicroXplorer:390 - Change Database Path : 
2020-01-24 20:47:06,075 [INFO] MicroXplorer:420 - Change Database Version : DB.5.0.40
2020-01-24 20:47:06,075 [INFO] OpenFileManager:269 - Change cursor
2020-01-24 20:47:06,086 [INFO] RulesReader:52 - Compatibility file has been processed (179 Rules)
2020-01-24 20:47:06,758 [INFO] ImportTextPane:162 - (OptionalMessage_ERROR) Unable to find key (Mcu.ThirdPartyNb) in loaded IOC file
2020-01-24 20:47:06,758 [INFO] ImportTextPane:162 - (OptionalMessage_ERROR) Unable to find key (Mcu.PinsNb) in loaded IOC file
2020-01-24 20:47:06,759 [INFO] ImportTextPane:162 - (OptionalMessage_ERROR) Unable to find key (Mcu.IPNb) in loaded IOC file
2020-01-24 20:47:06,885 [INFO] UtilMem:74 - End LoadConfig() Used Memory: 454803632 Bytes (1073741824)
2020-01-24 20:47:06,904 [INFO] ThirdParty:897 - CMSIS Pack Vendor :STMicroelectronics X-CUBE-BLE1 4.4.0
2020-01-24 20:47:06,904 [INFO] ThirdParty:897 - CMSIS Pack Vendor :STMicroelectronics X-CUBE-BLE2 1.0.0
2020-01-24 20:47:06,905 [INFO] ThirdParty:897 - CMSIS Pack Vendor :STMicroelectronics X-CUBE-GNSS1 4.0.0
2020-01-24 20:47:06,905 [INFO] ThirdParty:897 - CMSIS Pack Vendor :STMicroelectronics X-CUBE-MEMS1 7.0.0
2020-01-24 20:47:06,905 [INFO] ThirdParty:897 - CMSIS Pack Vendor :STMicroelectronics X-CUBE-NFC4 1.5.1
2020-01-24 20:47:06,905 [INFO] ThirdParty:897 - CMSIS Pack Vendor :STMicroelectronics X-CUBE-SUBG2 1.0.0
2020-01-24 20:47:06,905 [INFO] ThirdParty:897 - CMSIS Pack Vendor :ARM CMSIS 5.6.0
2020-01-24 20:47:06,984 [INFO] PinOutPanel:1367 - setPackage(No Configuration,No Configuration)
2020-01-24 20:47:06,984 [INFO] PinOutPanel:1367 - setPackage(STM32F103RCTx,LQFP64)
2020-01-24 20:47:07,115 [INFO] UtilMem:74 - Before build in PCC Used Memory: 507003928 Bytes (1073741824)
2020-01-24 20:47:07,172 [INFO] SharedServices:71 - Folder for power plug-in: /home/electro/.stm32cubemx/plugins/power
2020-01-24 20:47:07,172 [INFO] UtilMem:74 - After build in PCC Used Memory: 514343960 Bytes (1073741824)
2020-01-24 20:47:07,177 [INFO] BlockDiagram:1827 - stop enableDisableButtons
2020-01-24 20:47:07,177 [INFO] IPUIPlugin:63 - create IPUIPlugin
2020-01-24 20:47:07,177 [INFO] IPUIPlugin:63 - create IPUIPlugin
2020-01-24 20:47:07,177 [INFO] IPUIPlugin:63 - create IPUIPlugin
2020-01-24 20:47:07,177 [INFO] IPUIPlugin:63 - create IPUIPlugin
2020-01-24 20:47:07,178 [INFO] IPUIPlugin:63 - create IPUIPlugin
2020-01-24 20:47:07,178 [INFO] IPUIPlugin:63 - create IPUIPlugin
2020-01-24 20:47:07,178 [INFO] IPUIPlugin:63 - create IPUIPlugin
2020-01-24 20:47:07,178 [INFO] IPUIPlugin:63 - create IPUIPlugin
2020-01-24 20:47:07,178 [INFO] IPUIPlugin:63 - create IPUIPlugin
2020-01-24 20:47:07,178 [INFO] IPUIPlugin:63 - create IPUIPlugin
2020-01-24 20:47:07,178 [INFO] IPUIPlugin:63 - create IPUIPlugin
2020-01-24 20:47:07,178 [INFO] IPUIPlugin:63 - create IPUIPlugin
2020-01-24 20:47:07,179 [INFO] IPUIPlugin:63 - create IPUIPlugin
2020-01-24 20:47:07,179 [INFO] IPUIPlugin:63 - create IPUIPlugin
2020-01-24 20:47:07,179 [INFO] IPUIPlugin:63 - create IPUIPlugin
2020-01-24 20:47:07,179 [INFO] IPUIPlugin:63 - create IPUIPlugin
2020-01-24 20:47:07,179 [INFO] IPUIPlugin:63 - create IPUIPlugin
2020-01-24 20:47:07,180 [INFO] IPUIPlugin:63 - create IPUIPlugin
2020-01-24 20:47:07,180 [INFO] IPUIPlugin:63 - create IPUIPlugin
2020-01-24 20:47:07,180 [INFO] IPUIPlugin:63 - create IPUIPlugin
2020-01-24 20:47:07,180 [INFO] IPUIPlugin:63 - create IPUIPlugin
2020-01-24 20:47:07,180 [INFO] IPUIPlugin:63 - create IPUIPlugin
2020-01-24 20:47:07,180 [INFO] IPUIPlugin:63 - create IPUIPlugin
2020-01-24 20:47:07,180 [INFO] IPUIPlugin:63 - create IPUIPlugin
2020-01-24 20:47:07,180 [INFO] IPUIPlugin:63 - create IPUIPlugin
2020-01-24 20:47:07,181 [INFO] IPUIPlugin:63 - create IPUIPlugin
2020-01-24 20:47:07,181 [INFO] IPUIPlugin:63 - create IPUIPlugin
2020-01-24 20:47:07,181 [INFO] IPUIPlugin:63 - create IPUIPlugin
2020-01-24 20:47:07,181 [INFO] IPUIPlugin:63 - create IPUIPlugin
2020-01-24 20:47:07,181 [INFO] IPUIPlugin:63 - create IPUIPlugin
2020-01-24 20:47:07,181 [INFO] IPUIPlugin:63 - create IPUIPlugin
2020-01-24 20:47:07,181 [INFO] IPUIPlugin:63 - create IPUIPlugin
2020-01-24 20:47:07,182 [INFO] IPUIPlugin:63 - create IPUIPlugin
2020-01-24 20:47:07,182 [INFO] IPUIPlugin:63 - create IPUIPlugin
2020-01-24 20:47:07,182 [INFO] IPUIPlugin:63 - create IPUIPlugin
2020-01-24 20:47:07,182 [INFO] IPUIPlugin:63 - create IPUIPlugin
2020-01-24 20:47:07,182 [INFO] IPUIPlugin:63 - create IPUIPlugin
2020-01-24 20:47:07,182 [INFO] IPUIPlugin:63 - create IPUIPlugin
2020-01-24 20:47:07,182 [INFO] IPUIPlugin:63 - create IPUIPlugin
2020-01-24 20:47:07,183 [INFO] BlockDiagram:1827 - stop enableDisableButtons
2020-01-24 20:47:07,199 [INFO] OpenFileManager:289 - Restore cursor
2020-01-24 20:47:07,213 [INFO] BlockDiagram:1827 - stop enableDisableButtons
2020-01-24 20:47:07,221 [INFO] BlockDiagram:1827 - stop enableDisableButtons
2020-01-24 20:47:07,265 [INFO] UtilMem:74 - End SaveConfig() Used Memory: 533747776 Bytes (1073741824)
2020-01-24 20:47:07,407 [INFO] UtilMem:74 - End SaveConfig() Used Memory: 536364056 Bytes (1073741824)
2020-01-24 20:47:07,648 [INFO] BlockDiagram:1871 - set Specific Code input for plugin: NVIC
2020-01-24 20:47:07,648 [INFO] BlockDiagram:1871 - set Specific Code input for plugin: SYS
2020-01-24 20:47:07,754 [INFO] CodeGenerator:598 - code generatio: config db path: /opt/st/stm32cubeide_1.1.0/plugins/com.st.stm32cube.common.mx_5.4.0.201910091541//db/
2020-01-24 20:47:08,322 [INFO] CodeEngine:193 - oldGeneratedFile, /media/electro/ELECTRO/Projects/Connect4 Board/V2/STM32CubeIDE/TheGame_1/MXTmpFiles/license.tmp_save
2020-01-24 20:47:08,613 [INFO] CodeEngine:211 - Generated code: /media/electro/ELECTRO/Projects/Connect4 Board/V2/STM32CubeIDE/TheGame_1/MXTmpFiles/license.tmp
2020-01-24 20:47:08,701 [INFO] LogOutputStream:76 - [STDOUT_REDIRECT] Command line
2020-01-24 20:47:08,701 [INFO] LogOutputStream:76 - [STDOUT_REDIRECT] Debug : prepare data for SYS
2020-01-24 20:47:08,702 [INFO] LogOutputStream:76 - [STDOUT_REDIRECT] Command line test
2020-01-24 20:47:08,702 [INFO] LogOutputStream:76 - [STDOUT_REDIRECT] Debug : prepare data for NVIC
2020-01-24 20:47:08,702 [INFO] LogOutputStream:76 - [STDOUT_REDIRECT] Command line test
2020-01-24 20:47:09,050 [INFO] CodeEngine:193 - oldGeneratedFile, /media/electro/ELECTRO/Projects/Connect4 Board/V2/STM32CubeIDE/TheGame_1/Core/Src/stm32f1xx_it.c_save
2020-01-24 20:47:09,492 [INFO] CodeEngine:211 - Generated code: /media/electro/ELECTRO/Projects/Connect4 Board/V2/STM32CubeIDE/TheGame_1/Core/Src/stm32f1xx_it.c
2020-01-24 20:47:09,926 [INFO] CodeEngine:193 - oldGeneratedFile, /media/electro/ELECTRO/Projects/Connect4 Board/V2/STM32CubeIDE/TheGame_1/Core/Inc/stm32f1xx_it.h_save
2020-01-24 20:47:10,353 [INFO] CodeEngine:211 - Generated code: /media/electro/ELECTRO/Projects/Connect4 Board/V2/STM32CubeIDE/TheGame_1/Core/Inc/stm32f1xx_it.h
2020-01-24 20:47:10,790 [INFO] CodeEngine:193 - oldGeneratedFile, /media/electro/ELECTRO/Projects/Connect4 Board/V2/STM32CubeIDE/TheGame_1/Core/Src/stm32f1xx_hal_msp.c_save
2020-01-24 20:47:11,236 [INFO] CodeEngine:211 - Generated code: /media/electro/ELECTRO/Projects/Connect4 Board/V2/STM32CubeIDE/TheGame_1/Core/Src/stm32f1xx_hal_msp.c
2020-01-24 20:47:11,662 [INFO] CodeEngine:193 - oldGeneratedFile, /media/electro/ELECTRO/Projects/Connect4 Board/V2/STM32CubeIDE/TheGame_1/MXTmpFiles/system.tmp_save
2020-01-24 20:47:11,953 [INFO] CodeEngine:211 - Generated code: /media/electro/ELECTRO/Projects/Connect4 Board/V2/STM32CubeIDE/TheGame_1/MXTmpFiles/system.tmp
2020-01-24 20:47:12,374 [INFO] CodeEngine:193 - oldGeneratedFile, /media/electro/ELECTRO/Projects/Connect4 Board/V2/STM32CubeIDE/TheGame_1/Core/Inc/stm32f1xx_hal_conf.h_save
2020-01-24 20:47:12,797 [INFO] CodeEngine:211 - Generated code: /media/electro/ELECTRO/Projects/Connect4 Board/V2/STM32CubeIDE/TheGame_1/Core/Inc/stm32f1xx_hal_conf.h
2020-01-24 20:47:13,226 [INFO] CodeEngine:193 - oldGeneratedFile, /media/electro/ELECTRO/Projects/Connect4 Board/V2/STM32CubeIDE/TheGame_1/Core/Inc/main.h_save
2020-01-24 20:47:13,626 [INFO] CodeEngine:211 - Generated code: /media/electro/ELECTRO/Projects/Connect4 Board/V2/STM32CubeIDE/TheGame_1/Core/Inc/main.h
2020-01-24 20:47:14,022 [INFO] CodeEngine:193 - oldGeneratedFile, /media/electro/ELECTRO/Projects/Connect4 Board/V2/STM32CubeIDE/TheGame_1/Core/Src/main.c_save
2020-01-24 20:47:14,457 [INFO] CodeEngine:211 - Generated code: /media/electro/ELECTRO/Projects/Connect4 Board/V2/STM32CubeIDE/TheGame_1/Core/Src/main.c
2020-01-24 20:47:23,246 [INFO] ProjectBuilder:1645 - Time for Copy HAL[1] : 8332mS.
2020-01-24 20:47:23,367 [INFO] ProjectBuilder:2206 - Project Generator version: 3.5.2
2020-01-24 20:47:24,096 [INFO] ConfigFileManager:953 - The Die is : DIE414
2020-01-24 20:47:33,569 [INFO] ProjectBuilder:2373 - Time for Generating toolchain IDE Files: 10202mS.
2020-01-24 20:47:33,597 [INFO] ProjectBuilder:1505 - Time for Copy CMSIS : 27mS.
2020-01-24 20:47:33,597 [INFO] ProjectBuilder:1505 - Time for Copy CMSIS : 0mS.
2020-01-24 20:48:15,785 [INFO] BlockDiagram:1827 - stop enableDisableButtons
2020-01-24 20:48:17,544 [INFO] BlockDiagram:1827 - stop enableDisableButtons
2020-01-24 20:48:17,564 [INFO] BlockDiagram:1827 - stop enableDisableButtons
2020-01-24 20:48:17,685 [INFO] BlockDiagram:1827 - stop enableDisableButtons
2020-01-24 20:48:23,003 [INFO] NvicIntPanel:88 - NVIC parent = com.st.microxplorer.plugins.ip.nvic.MultiNvicIntPanel[,0,0,476x419,layout=javax.swing.BoxLayout,alignmentX=0.0,alignmentY=0.0,border=,flags=9,maximumSize=,minimumSize=,preferredSize=]
2020-01-24 20:48:24,972 [INFO] NvicIntPanel:88 - NVIC parent = com.st.microxplorer.plugins.ip.nvic.MultiNvicIntPanel[,0,0,0x0,invalid,layout=javax.swing.BoxLayout,alignmentX=0.0,alignmentY=0.0,border=,flags=9,maximumSize=,minimumSize=,preferredSize=]
2020-01-24 20:48:28,926 [INFO] BlockDiagram:1827 - stop enableDisableButtons
2020-01-24 20:48:28,934 [INFO] BlockDiagram:1827 - stop enableDisableButtons
2020-01-24 20:48:28,941 [INFO] BlockDiagram:1827 - stop enableDisableButtons
2020-01-24 20:48:29,548 [INFO] BlockDiagram:1827 - stop enableDisableButtons
2020-01-24 20:48:29,560 [INFO] BlockDiagram:1827 - stop enableDisableButtons
2020-01-24 20:48:29,583 [INFO] BlockDiagram:1827 - stop enableDisableButtons
2020-01-24 20:48:30,105 [INFO] BlockDiagram:1827 - stop enableDisableButtons
2020-01-24 20:48:30,112 [INFO] BlockDiagram:1827 - stop enableDisableButtons
2020-01-24 20:48:30,118 [INFO] BlockDiagram:1827 - stop enableDisableButtons
2020-01-24 20:49:03,919 [INFO] BlockDiagram:1827 - stop enableDisableButtons
2020-01-24 20:49:05,491 [INFO] MainUpdater:2232 - connection check result : 10
2020-01-24 20:49:05,492 [INFO] LogOutputStream:76 - [STDOUT_REDIRECT] Successfull proxy connection.
2020-01-24 20:49:05,532 [INFO] McuFinderGlobals:40 - Set McuFinder mode to 2 (CubeIDE integrated)
2020-01-24 20:49:05,533 [INFO] FinderPluginLoader:86 - Searching for filters in installed packs
2020-01-24 20:49:05,943 [INFO] LoadUrlFilesThread:161 - End of LoadServerUrlFiles without Thread
2020-01-24 20:49:05,943 [INFO] McuDetailPanel:180 - Set advertising image to /home/electro/STM32Cube/Repository//PRSTM32MP10219-01-med.jpg
2020-01-24 20:49:06,087 [INFO] McuFilterPanel:282 - Update 0 favorites MCUs
2020-01-24 20:49:06,187 [INFO] LoadUrlFilesThread:161 - End of LoadServerUrlFiles without Thread
2020-01-24 20:49:06,188 [INFO] BoardDetailPanel:179 - Set advertising image to /home/electro/STM32Cube/Repository//PRSTM32MP10219-01-med.jpg
2020-01-24 20:49:06,193 [INFO] BoardFilterPanel:211 - Update 0 favorites Boards
2020-01-24 20:49:06,204 [INFO] CrossSelectorPresenter:1319 - Cross Selector saved comparison directory: /home/electro/.stmcufinder/plugins/mcufinder/mcu/cs_comparisons_mx
2020-01-24 20:49:25,508 [INFO] LogOutputStream:76 - [STDOUT_REDIRECT] withoutVersionV1.8.0
2020-01-24 22:07:24,144 [INFO] MainUpdater:2232 - connection check result : 10
2020-01-24 22:07:24,145 [INFO] LogOutputStream:76 - [STDOUT_REDIRECT] Successfull proxy connection.
2020-01-24 22:07:24,195 [INFO] McuFinderGlobals:40 - Set McuFinder mode to 2 (CubeIDE integrated)
2020-01-24 22:07:24,196 [INFO] FinderPluginLoader:86 - Searching for filters in installed packs
2020-01-24 22:07:24,617 [INFO] LoadUrlFilesThread:161 - End of LoadServerUrlFiles without Thread
2020-01-24 22:07:24,617 [INFO] McuDetailPanel:180 - Set advertising image to /home/electro/STM32Cube/Repository//PRSTM32MP10219-01-med.jpg
2020-01-24 22:07:24,746 [INFO] McuFilterPanel:282 - Update 0 favorites MCUs
2020-01-24 22:07:24,816 [INFO] LoadUrlFilesThread:161 - End of LoadServerUrlFiles without Thread
2020-01-24 22:07:24,816 [INFO] BoardDetailPanel:179 - Set advertising image to /home/electro/STM32Cube/Repository//PRSTM32MP10219-01-med.jpg
2020-01-24 22:07:24,822 [INFO] BoardFilterPanel:211 - Update 0 favorites Boards
2020-01-24 22:07:24,829 [INFO] CrossSelectorPresenter:1319 - Cross Selector saved comparison directory: /home/electro/.stmcufinder/plugins/mcufinder/mcu/cs_comparisons_mx
2020-01-24 22:07:38,306 [INFO] LogOutputStream:76 - [STDOUT_REDIRECT] withoutVersionV1.8.0
2020-01-24 22:07:45,535 [INFO] LogOutputStream:76 - [STDOUT_REDIRECT] File copied successfully!!
2020-01-24 22:07:48,001 [INFO] MainUpdater:2232 - connection check result : 10
2020-01-24 22:07:48,002 [INFO] LogOutputStream:76 - [STDOUT_REDIRECT] Successfull proxy connection.
2020-01-24 22:07:48,178 [INFO] MicroXplorer:390 - Change Database Path : 
2020-01-24 22:07:48,178 [INFO] MicroXplorer:420 - Change Database Version : DB.5.0.40
2020-01-24 22:07:48,180 [INFO] PinOutPanel:1367 - setPackage(No Configuration,No Configuration)
2020-01-24 22:07:48,184 [INFO] UtilMem:74 - Begin LoadConfig() Used Memory: 530753160 Bytes (1073741824)
2020-01-24 22:07:48,185 [INFO] MicroXplorer:390 - Change Database Path : 
2020-01-24 22:07:48,185 [INFO] MicroXplorer:420 - Change Database Version : DB.5.0.40
2020-01-24 22:07:48,185 [INFO] OpenFileManager:269 - Change cursor
2020-01-24 22:07:48,194 [INFO] RulesReader:52 - Compatibility file has been processed (179 Rules)
2020-01-24 22:07:48,999 [INFO] ImportTextPane:162 - (OptionalMessage_ERROR) Unable to find key (Mcu.ThirdPartyNb) in loaded IOC file
2020-01-24 22:07:48,999 [INFO] ImportTextPane:162 - (OptionalMessage_ERROR) Unable to find key (Mcu.PinsNb) in loaded IOC file
2020-01-24 22:07:48,999 [INFO] ImportTextPane:162 - (OptionalMessage_ERROR) Unable to find key (Mcu.IPNb) in loaded IOC file
2020-01-24 22:07:49,078 [INFO] UtilMem:74 - End LoadConfig() Used Memory: 792589696 Bytes (1073741824)
2020-01-24 22:07:49,099 [INFO] ThirdParty:897 - CMSIS Pack Vendor :STMicroelectronics X-CUBE-BLE1 4.4.0
2020-01-24 22:07:49,100 [INFO] ThirdParty:897 - CMSIS Pack Vendor :STMicroelectronics X-CUBE-BLE2 1.0.0
2020-01-24 22:07:49,100 [INFO] ThirdParty:897 - CMSIS Pack Vendor :STMicroelectronics X-CUBE-GNSS1 4.0.0
2020-01-24 22:07:49,100 [INFO] ThirdParty:897 - CMSIS Pack Vendor :STMicroelectronics X-CUBE-MEMS1 7.0.0
2020-01-24 22:07:49,100 [INFO] ThirdParty:897 - CMSIS Pack Vendor :STMicroelectronics X-CUBE-NFC4 1.5.1
2020-01-24 22:07:49,100 [INFO] ThirdParty:897 - CMSIS Pack Vendor :STMicroelectronics X-CUBE-SUBG2 1.0.0
2020-01-24 22:07:49,100 [INFO] ThirdParty:897 - CMSIS Pack Vendor :ARM CMSIS 5.6.0
2020-01-24 22:07:49,181 [INFO] PinOutPanel:1367 - setPackage(No Configuration,No Configuration)
2020-01-24 22:07:49,181 [INFO] PinOutPanel:1367 - setPackage(STM32F103RCTx,LQFP64)
2020-01-24 22:07:49,336 [INFO] UtilMem:74 - Before build in PCC Used Memory: 843217136 Bytes (1073741824)
2020-01-24 22:07:49,396 [INFO] SharedServices:71 - Folder for power plug-in: /home/electro/.stm32cubemx/plugins/power
2020-01-24 22:07:49,397 [INFO] UtilMem:74 - After build in PCC Used Memory: 851083496 Bytes (1073741824)
2020-01-24 22:07:49,400 [INFO] BlockDiagram:1827 - stop enableDisableButtons
2020-01-24 22:07:49,401 [INFO] IPUIPlugin:63 - create IPUIPlugin
2020-01-24 22:07:49,404 [INFO] IPUIPlugin:63 - create IPUIPlugin
2020-01-24 22:07:49,405 [INFO] IPUIPlugin:63 - create IPUIPlugin
2020-01-24 22:07:49,405 [INFO] IPUIPlugin:63 - create IPUIPlugin
2020-01-24 22:07:49,405 [INFO] IPUIPlugin:63 - create IPUIPlugin
2020-01-24 22:07:49,405 [INFO] IPUIPlugin:63 - create IPUIPlugin
2020-01-24 22:07:49,405 [INFO] IPUIPlugin:63 - create IPUIPlugin
2020-01-24 22:07:49,405 [INFO] IPUIPlugin:63 - create IPUIPlugin
2020-01-24 22:07:49,405 [INFO] IPUIPlugin:63 - create IPUIPlugin
2020-01-24 22:07:49,405 [INFO] IPUIPlugin:63 - create IPUIPlugin
2020-01-24 22:07:49,405 [INFO] IPUIPlugin:63 - create IPUIPlugin
2020-01-24 22:07:49,406 [INFO] IPUIPlugin:63 - create IPUIPlugin
2020-01-24 22:07:49,406 [INFO] IPUIPlugin:63 - create IPUIPlugin
2020-01-24 22:07:49,406 [INFO] IPUIPlugin:63 - create IPUIPlugin
2020-01-24 22:07:49,406 [INFO] IPUIPlugin:63 - create IPUIPlugin
2020-01-24 22:07:49,406 [INFO] IPUIPlugin:63 - create IPUIPlugin
2020-01-24 22:07:49,406 [INFO] IPUIPlugin:63 - create IPUIPlugin
2020-01-24 22:07:49,406 [INFO] IPUIPlugin:63 - create IPUIPlugin
2020-01-24 22:07:49,406 [INFO] IPUIPlugin:63 - create IPUIPlugin
2020-01-24 22:07:49,406 [INFO] IPUIPlugin:63 - create IPUIPlugin
2020-01-24 22:07:49,406 [INFO] IPUIPlugin:63 - create IPUIPlugin
2020-01-24 22:07:49,406 [INFO] IPUIPlugin:63 - create IPUIPlugin
2020-01-24 22:07:49,407 [INFO] IPUIPlugin:63 - create IPUIPlugin
2020-01-24 22:07:49,407 [INFO] IPUIPlugin:63 - create IPUIPlugin
2020-01-24 22:07:49,407 [INFO] IPUIPlugin:63 - create IPUIPlugin
2020-01-24 22:07:49,407 [INFO] IPUIPlugin:63 - create IPUIPlugin
2020-01-24 22:07:49,407 [INFO] IPUIPlugin:63 - create IPUIPlugin
2020-01-24 22:07:49,407 [INFO] IPUIPlugin:63 - create IPUIPlugin
2020-01-24 22:07:49,407 [INFO] IPUIPlugin:63 - create IPUIPlugin
2020-01-24 22:07:49,407 [INFO] IPUIPlugin:63 - create IPUIPlugin
2020-01-24 22:07:49,407 [INFO] IPUIPlugin:63 - create IPUIPlugin
2020-01-24 22:07:49,407 [INFO] IPUIPlugin:63 - create IPUIPlugin
2020-01-24 22:07:49,407 [INFO] IPUIPlugin:63 - create IPUIPlugin
2020-01-24 22:07:49,408 [INFO] IPUIPlugin:63 - create IPUIPlugin
2020-01-24 22:07:49,408 [INFO] IPUIPlugin:63 - create IPUIPlugin
2020-01-24 22:07:49,408 [INFO] IPUIPlugin:63 - create IPUIPlugin
2020-01-24 22:07:49,409 [INFO] IPUIPlugin:63 - create IPUIPlugin
2020-01-24 22:07:49,409 [INFO] IPUIPlugin:63 - create IPUIPlugin
2020-01-24 22:07:49,409 [INFO] IPUIPlugin:63 - create IPUIPlugin
2020-01-24 22:07:49,410 [INFO] BlockDiagram:1827 - stop enableDisableButtons
2020-01-24 22:07:49,420 [INFO] OpenFileManager:289 - Restore cursor
2020-01-24 22:07:49,436 [INFO] BlockDiagram:1827 - stop enableDisableButtons
2020-01-24 22:07:49,445 [INFO] BlockDiagram:1827 - stop enableDisableButtons
2020-01-24 22:07:49,527 [INFO] UtilMem:74 - End SaveConfig() Used Memory: 869431536 Bytes (1073741824)
2020-01-24 22:07:49,697 [INFO] UtilMem:74 - End SaveConfig() Used Memory: 873103592 Bytes (1073741824)
2020-01-24 22:07:49,970 [INFO] BlockDiagram:1871 - set Specific Code input for plugin: NVIC
2020-01-24 22:07:49,970 [INFO] BlockDiagram:1871 - set Specific Code input for plugin: SYS
2020-01-24 22:07:50,074 [INFO] CodeGenerator:598 - code generatio: config db path: /opt/st/stm32cubeide_1.1.0/plugins/com.st.stm32cube.common.mx_5.4.0.201910091541//db/
2020-01-24 22:07:50,818 [INFO] CodeEngine:193 - oldGeneratedFile, /media/electro/ELECTRO/Projects/Connect4 Board/V2/STM32CubeIDE/Game_1/MXTmpFiles/license.tmp_save
2020-01-24 22:07:51,141 [INFO] CodeEngine:211 - Generated code: /media/electro/ELECTRO/Projects/Connect4 Board/V2/STM32CubeIDE/Game_1/MXTmpFiles/license.tmp
2020-01-24 22:07:51,197 [INFO] LogOutputStream:76 - [STDOUT_REDIRECT] Command line
2020-01-24 22:07:51,198 [INFO] LogOutputStream:76 - [STDOUT_REDIRECT] Debug : prepare data for SYS
2020-01-24 22:07:51,198 [INFO] LogOutputStream:76 - [STDOUT_REDIRECT] Command line test
2020-01-24 22:07:51,198 [INFO] LogOutputStream:76 - [STDOUT_REDIRECT] Debug : prepare data for NVIC
2020-01-24 22:07:51,198 [INFO] LogOutputStream:76 - [STDOUT_REDIRECT] Command line test
2020-01-24 22:07:51,550 [INFO] CodeEngine:193 - oldGeneratedFile, /media/electro/ELECTRO/Projects/Connect4 Board/V2/STM32CubeIDE/Game_1/Core/Src/stm32f1xx_it.c_save
2020-01-24 22:07:52,094 [INFO] CodeEngine:211 - Generated code: /media/electro/ELECTRO/Projects/Connect4 Board/V2/STM32CubeIDE/Game_1/Core/Src/stm32f1xx_it.c
2020-01-24 22:07:52,554 [INFO] CodeEngine:193 - oldGeneratedFile, /media/electro/ELECTRO/Projects/Connect4 Board/V2/STM32CubeIDE/Game_1/Core/Inc/stm32f1xx_it.h_save
2020-01-24 22:07:52,984 [INFO] CodeEngine:211 - Generated code: /media/electro/ELECTRO/Projects/Connect4 Board/V2/STM32CubeIDE/Game_1/Core/Inc/stm32f1xx_it.h
2020-01-24 22:07:53,398 [INFO] CodeEngine:193 - oldGeneratedFile, /media/electro/ELECTRO/Projects/Connect4 Board/V2/STM32CubeIDE/Game_1/Core/Src/stm32f1xx_hal_msp.c_save
2020-01-24 22:07:53,916 [INFO] CodeEngine:211 - Generated code: /media/electro/ELECTRO/Projects/Connect4 Board/V2/STM32CubeIDE/Game_1/Core/Src/stm32f1xx_hal_msp.c
2020-01-24 22:07:54,358 [INFO] CodeEngine:193 - oldGeneratedFile, /media/electro/ELECTRO/Projects/Connect4 Board/V2/STM32CubeIDE/Game_1/MXTmpFiles/system.tmp_save
2020-01-24 22:07:54,723 [INFO] CodeEngine:211 - Generated code: /media/electro/ELECTRO/Projects/Connect4 Board/V2/STM32CubeIDE/Game_1/MXTmpFiles/system.tmp
2020-01-24 22:07:55,194 [INFO] CodeEngine:193 - oldGeneratedFile, /media/electro/ELECTRO/Projects/Connect4 Board/V2/STM32CubeIDE/Game_1/Core/Inc/stm32f1xx_hal_conf.h_save
2020-01-24 22:07:55,636 [INFO] CodeEngine:211 - Generated code: /media/electro/ELECTRO/Projects/Connect4 Board/V2/STM32CubeIDE/Game_1/Core/Inc/stm32f1xx_hal_conf.h
2020-01-24 22:07:56,074 [INFO] CodeEngine:193 - oldGeneratedFile, /media/electro/ELECTRO/Projects/Connect4 Board/V2/STM32CubeIDE/Game_1/Core/Inc/main.h_save
2020-01-24 22:07:56,569 [INFO] CodeEngine:211 - Generated code: /media/electro/ELECTRO/Projects/Connect4 Board/V2/STM32CubeIDE/Game_1/Core/Inc/main.h
2020-01-24 22:07:57,034 [INFO] CodeEngine:193 - oldGeneratedFile, /media/electro/ELECTRO/Projects/Connect4 Board/V2/STM32CubeIDE/Game_1/Core/Src/main.c_save
2020-01-24 22:07:57,468 [INFO] CodeEngine:211 - Generated code: /media/electro/ELECTRO/Projects/Connect4 Board/V2/STM32CubeIDE/Game_1/Core/Src/main.c
2020-01-24 22:08:07,414 [INFO] ProjectBuilder:1645 - Time for Copy HAL[1] : 9450mS.
2020-01-24 22:08:07,539 [INFO] ProjectBuilder:2206 - Project Generator version: 3.5.2
2020-01-24 22:08:07,751 [INFO] ConfigFileManager:953 - The Die is : DIE414
2020-01-24 22:08:19,247 [INFO] ProjectBuilder:2373 - Time for Generating toolchain IDE Files: 11708mS.
2020-01-24 22:08:19,263 [INFO] ProjectBuilder:1505 - Time for Copy CMSIS : 15mS.
2020-01-24 22:08:19,264 [INFO] ProjectBuilder:1505 - Time for Copy CMSIS : 0mS.
2020-01-24 22:08:21,669 [INFO] LogOutputStream:76 - [STDOUT_REDIRECT] Tab changed to: Clock Configuration
2020-01-24 22:08:24,342 [INFO] BlockDiagram:1827 - stop enableDisableButtons
2020-01-24 22:08:27,024 [INFO] BlockDiagram:1827 - stop enableDisableButtons
2020-01-24 22:08:29,797 [INFO] LogOutputStream:76 - [STDOUT_REDIRECT] Tab changed to: Pinout & Configuration
2020-01-24 22:08:41,154 [INFO] BlockDiagram:1827 - stop enableDisableButtons
2020-01-24 22:08:47,057 [INFO] BlockDiagram:1827 - stop enableDisableButtons
2020-01-24 22:08:50,877 [INFO] BlockDiagram:1827 - stop enableDisableButtons
2020-01-24 22:08:50,894 [INFO] BlockDiagram:1827 - stop enableDisableButtons
2020-01-24 22:08:50,919 [INFO] BlockDiagram:1827 - stop enableDisableButtons
2020-01-24 22:09:05,760 [INFO] NvicIntPanel:88 - NVIC parent = com.st.microxplorer.plugins.ip.nvic.MultiNvicIntPanel[,0,0,450x419,layout=javax.swing.BoxLayout,alignmentX=0.0,alignmentY=0.0,border=,flags=9,maximumSize=,minimumSize=,preferredSize=]
2020-01-24 22:10:27,829 [INFO] UtilMem:74 - End SaveConfig() Used Memory: 711830856 Bytes (1073741824)
2020-01-24 22:10:28,327 [INFO] UtilMem:74 - End SaveConfig() Used Memory: 727183848 Bytes (1073741824)
2020-01-24 22:10:28,595 [INFO] BlockDiagram:1871 - set Specific Code input for plugin: NVIC
2020-01-24 22:10:28,595 [INFO] BlockDiagram:1871 - set Specific Code input for plugin: TIM6_7F1
2020-01-24 22:10:28,595 [INFO] BlockDiagram:1871 - set Specific Code input for plugin: SYS
2020-01-24 22:10:28,702 [INFO] CodeGenerator:598 - code generatio: config db path: /opt/st/stm32cubeide_1.1.0/plugins/com.st.stm32cube.common.mx_5.4.0.201910091541//db/
2020-01-24 22:10:29,186 [INFO] CodeEngine:193 - oldGeneratedFile, /media/electro/ELECTRO/Projects/Connect4 Board/V2/STM32CubeIDE/Game_1/MXTmpFiles/license.tmp_save
2020-01-24 22:10:29,473 [INFO] CodeEngine:211 - Generated code: /media/electro/ELECTRO/Projects/Connect4 Board/V2/STM32CubeIDE/Game_1/MXTmpFiles/license.tmp
2020-01-24 22:10:29,616 [INFO] LogOutputStream:76 - [STDOUT_REDIRECT] Command line
2020-01-24 22:10:29,616 [INFO] LogOutputStream:76 - [STDOUT_REDIRECT] Debug : prepare data for SYS
2020-01-24 22:10:29,616 [INFO] LogOutputStream:76 - [STDOUT_REDIRECT] Command line test
2020-01-24 22:10:29,617 [INFO] LogOutputStream:76 - [STDOUT_REDIRECT] Command line
2020-01-24 22:10:29,617 [INFO] LogOutputStream:76 - [STDOUT_REDIRECT] Debug : prepare data for TIM
2020-01-24 22:10:29,617 [INFO] LogOutputStream:76 - [STDOUT_REDIRECT] Command line test
2020-01-24 22:10:29,618 [INFO] LogOutputStream:76 - [STDOUT_REDIRECT] Debug : prepare data for NVIC
2020-01-24 22:10:29,618 [INFO] LogOutputStream:76 - [STDOUT_REDIRECT] Command line test
2020-01-24 22:10:30,078 [INFO] CodeEngine:193 - oldGeneratedFile, /media/electro/ELECTRO/Projects/Connect4 Board/V2/STM32CubeIDE/Game_1/Core/Src/stm32f1xx_it.c_save
2020-01-24 22:10:30,732 [INFO] CodeEngine:211 - Generated code: /media/electro/ELECTRO/Projects/Connect4 Board/V2/STM32CubeIDE/Game_1/Core/Src/stm32f1xx_it.c
2020-01-24 22:10:31,254 [INFO] CodeEngine:193 - oldGeneratedFile, /media/electro/ELECTRO/Projects/Connect4 Board/V2/STM32CubeIDE/Game_1/Core/Inc/stm32f1xx_it.h_save
2020-01-24 22:10:31,956 [INFO] CodeEngine:211 - Generated code: /media/electro/ELECTRO/Projects/Connect4 Board/V2/STM32CubeIDE/Game_1/Core/Inc/stm32f1xx_it.h
2020-01-24 22:10:32,526 [INFO] CodeEngine:193 - oldGeneratedFile, /media/electro/ELECTRO/Projects/Connect4 Board/V2/STM32CubeIDE/Game_1/Core/Src/stm32f1xx_hal_msp.c_save
2020-01-24 22:10:33,181 [INFO] CodeEngine:211 - Generated code: /media/electro/ELECTRO/Projects/Connect4 Board/V2/STM32CubeIDE/Game_1/Core/Src/stm32f1xx_hal_msp.c
2020-01-24 22:10:33,590 [INFO] CodeEngine:193 - oldGeneratedFile, /media/electro/ELECTRO/Projects/Connect4 Board/V2/STM32CubeIDE/Game_1/MXTmpFiles/system.tmp_save
2020-01-24 22:10:33,862 [INFO] CodeEngine:211 - Generated code: /media/electro/ELECTRO/Projects/Connect4 Board/V2/STM32CubeIDE/Game_1/MXTmpFiles/system.tmp
2020-01-24 22:10:34,362 [INFO] CodeEngine:193 - oldGeneratedFile, /media/electro/ELECTRO/Projects/Connect4 Board/V2/STM32CubeIDE/Game_1/Core/Inc/stm32f1xx_hal_conf.h_save
2020-01-24 22:10:34,994 [INFO] CodeEngine:211 - Generated code: /media/electro/ELECTRO/Projects/Connect4 Board/V2/STM32CubeIDE/Game_1/Core/Inc/stm32f1xx_hal_conf.h
2020-01-24 22:10:35,110 [WARN] IPConfigManager:2673 - IP not found : TIM
2020-01-24 22:10:35,111 [WARN] CodeGenerator:2697 - IP not found : TIM
2020-01-24 22:10:35,570 [INFO] CodeEngine:193 - oldGeneratedFile, /media/electro/ELECTRO/Projects/Connect4 Board/V2/STM32CubeIDE/Game_1/Core/Inc/main.h_save
2020-01-24 22:10:36,265 [INFO] CodeEngine:211 - Generated code: /media/electro/ELECTRO/Projects/Connect4 Board/V2/STM32CubeIDE/Game_1/Core/Inc/main.h
2020-01-24 22:10:36,838 [INFO] CodeEngine:193 - oldGeneratedFile, /media/electro/ELECTRO/Projects/Connect4 Board/V2/STM32CubeIDE/Game_1/Core/Src/main.c_save
2020-01-24 22:10:37,489 [INFO] CodeEngine:211 - Generated code: /media/electro/ELECTRO/Projects/Connect4 Board/V2/STM32CubeIDE/Game_1/Core/Src/main.c
2020-01-24 22:10:47,398 [INFO] ProjectBuilder:1645 - Time for Copy HAL[1] : 9373mS.
2020-01-24 22:10:47,399 [INFO] ProjectBuilder:2206 - Project Generator version: 3.5.2
2020-01-24 22:10:47,609 [INFO] ConfigFileManager:953 - The Die is : DIE414
2020-01-24 22:10:51,417 [INFO] ProjectBuilder:2373 - Time for Generating toolchain IDE Files: 4018mS.
2020-01-24 22:10:51,427 [INFO] ProjectBuilder:1505 - Time for Copy CMSIS : 10mS.
2020-01-24 22:10:51,427 [INFO] ProjectBuilder:1505 - Time for Copy CMSIS : 0mS.
2020-01-24 22:12:03,923 [INFO] LogOutputStream:76 - [STDOUT_REDIRECT] Tab changed to: Project Manager
2020-01-24 22:12:09,381 [INFO] UtilMem:74 - End SaveConfig() Used Memory: 333155712 Bytes (1073741824)
2020-01-24 22:12:09,804 [INFO] UtilMem:74 - End SaveConfig() Used Memory: 370904448 Bytes (1073741824)
2020-01-24 22:12:10,053 [INFO] BlockDiagram:1871 - set Specific Code input for plugin: NVIC
2020-01-24 22:12:10,053 [INFO] BlockDiagram:1871 - set Specific Code input for plugin: TIM6_7F1
2020-01-24 22:12:10,053 [INFO] BlockDiagram:1871 - set Specific Code input for plugin: SYS
2020-01-24 22:12:10,154 [INFO] CodeGenerator:598 - code generatio: config db path: /opt/st/stm32cubeide_1.1.0/plugins/com.st.stm32cube.common.mx_5.4.0.201910091541//db/
2020-01-24 22:12:10,626 [INFO] CodeEngine:193 - oldGeneratedFile, /media/electro/ELECTRO/Projects/Connect4 Board/V2/STM32CubeIDE/Game_1/MXTmpFiles/license.tmp_save
2020-01-24 22:12:10,912 [INFO] CodeEngine:211 - Generated code: /media/electro/ELECTRO/Projects/Connect4 Board/V2/STM32CubeIDE/Game_1/MXTmpFiles/license.tmp
2020-01-24 22:12:11,057 [INFO] LogOutputStream:76 - [STDOUT_REDIRECT] Command line
2020-01-24 22:12:11,058 [INFO] LogOutputStream:76 - [STDOUT_REDIRECT] Debug : prepare data for SYS
2020-01-24 22:12:11,058 [INFO] LogOutputStream:76 - [STDOUT_REDIRECT] Command line test
2020-01-24 22:12:11,059 [INFO] LogOutputStream:76 - [STDOUT_REDIRECT] Command line
2020-01-24 22:12:11,059 [INFO] LogOutputStream:76 - [STDOUT_REDIRECT] Debug : prepare data for TIM
2020-01-24 22:12:11,059 [INFO] LogOutputStream:76 - [STDOUT_REDIRECT] Command line test
2020-01-24 22:12:11,059 [INFO] LogOutputStream:76 - [STDOUT_REDIRECT] Debug : prepare data for NVIC
2020-01-24 22:12:11,060 [INFO] LogOutputStream:76 - [STDOUT_REDIRECT] Command line test
2020-01-24 22:12:11,522 [INFO] CodeEngine:193 - oldGeneratedFile, /media/electro/ELECTRO/Projects/Connect4 Board/V2/STM32CubeIDE/Game_1/Core/Src/stm32f1xx_it.c_save
2020-01-24 22:12:12,208 [INFO] CodeEngine:211 - Generated code: /media/electro/ELECTRO/Projects/Connect4 Board/V2/STM32CubeIDE/Game_1/Core/Src/stm32f1xx_it.c
2020-01-24 22:12:12,778 [INFO] CodeEngine:193 - oldGeneratedFile, /media/electro/ELECTRO/Projects/Connect4 Board/V2/STM32CubeIDE/Game_1/Core/Inc/stm32f1xx_it.h_save
2020-01-24 22:12:13,452 [INFO] CodeEngine:211 - Generated code: /media/electro/ELECTRO/Projects/Connect4 Board/V2/STM32CubeIDE/Game_1/Core/Inc/stm32f1xx_it.h
2020-01-24 22:12:13,918 [INFO] CodeEngine:193 - oldGeneratedFile, /media/electro/ELECTRO/Projects/Connect4 Board/V2/STM32CubeIDE/Game_1/MXTmpFiles/system.tmp_save
2020-01-24 22:12:14,200 [INFO] CodeEngine:211 - Generated code: /media/electro/ELECTRO/Projects/Connect4 Board/V2/STM32CubeIDE/Game_1/MXTmpFiles/system.tmp
2020-01-24 22:12:14,626 [INFO] CodeEngine:193 - oldGeneratedFile, /media/electro/ELECTRO/Projects/Connect4 Board/V2/STM32CubeIDE/Game_1/Core/Inc/stm32_assert.h_save
2020-01-24 22:12:15,013 [INFO] CodeEngine:211 - Generated code: /media/electro/ELECTRO/Projects/Connect4 Board/V2/STM32CubeIDE/Game_1/Core/Inc/stm32_assert.h
2020-01-24 22:12:15,063 [WARN] IPConfigManager:2328 - Warning: the RefConfig RCC_ClockConfig is not available in your config.xml file
2020-01-24 22:12:15,064 [WARN] IPConfigManager:2328 - Warning: the RefConfig RCC_MCOConfig is not available in your config.xml file
2020-01-24 22:12:15,064 [WARN] IPConfigManager:2328 - Warning: the RefConfig RCC_interrupt_Time_SYSTICK_Config is not available in your config.xml file
2020-01-24 22:12:15,064 [WARN] IPConfigManager:2328 - Warning: the RefConfig RCC_SYSTICK_CONFIG is not available in your config.xml file
2020-01-24 22:12:15,066 [WARN] IPConfigManager:2673 - IP not found : TIM
2020-01-24 22:12:15,066 [WARN] CodeGenerator:2697 - IP not found : TIM
2020-01-24 22:12:15,514 [INFO] CodeEngine:193 - oldGeneratedFile, /media/electro/ELECTRO/Projects/Connect4 Board/V2/STM32CubeIDE/Game_1/Core/Inc/main.h_save
2020-01-24 22:12:16,197 [INFO] CodeEngine:211 - Generated code: /media/electro/ELECTRO/Projects/Connect4 Board/V2/STM32CubeIDE/Game_1/Core/Inc/main.h
2020-01-24 22:12:16,770 [INFO] CodeEngine:193 - oldGeneratedFile, /media/electro/ELECTRO/Projects/Connect4 Board/V2/STM32CubeIDE/Game_1/Core/Src/main.c_save
2020-01-24 22:12:17,473 [INFO] CodeEngine:211 - Generated code: /media/electro/ELECTRO/Projects/Connect4 Board/V2/STM32CubeIDE/Game_1/Core/Src/main.c
2020-01-24 22:12:25,158 [INFO] ProjectBuilder:1645 - Time for Copy HAL[1] : 7150mS.
2020-01-24 22:12:25,160 [INFO] ProjectBuilder:2206 - Project Generator version: 3.5.2
2020-01-24 22:12:25,373 [INFO] ConfigFileManager:953 - The Die is : DIE414
2020-01-24 22:12:28,802 [INFO] ProjectBuilder:2373 - Time for Generating toolchain IDE Files: 3642mS.
2020-01-24 22:12:28,822 [INFO] ProjectBuilder:1505 - Time for Copy CMSIS : 20mS.
2020-01-24 22:12:28,823 [INFO] ProjectBuilder:1505 - Time for Copy CMSIS : 0mS.
2020-01-24 22:13:21,561 [INFO] LogOutputStream:76 - [STDOUT_REDIRECT] Tab changed to: Pinout & Configuration
2020-01-24 22:33:33,620 [INFO] BlockDiagram:1827 - stop enableDisableButtons
2020-01-24 22:49:12,899 [INFO] Activator:176 - 


2020-01-24 22:49:12,901 [INFO] Activator:177 - !SESSION log4j initialized
2020-01-24 23:32:25,769 [INFO] Activator:176 - 


2020-01-24 23:32:25,772 [INFO] Activator:177 - !SESSION log4j initialized
2020-01-24 23:39:05,135 [INFO] Activator:176 - 


2020-01-24 23:39:05,137 [INFO] Activator:177 - !SESSION log4j initialized
